<?xml version="1.0" encoding="UTF-8"?>
<testsuite xmlns:xsi="http://www.w3.org/2001/XMLSchema-instance" xsi:noNamespaceSchemaLocation="https://maven.apache.org/surefire/maven-surefire-plugin/xsd/surefire-test-report.xsd" version="3.0.2" name="com.backend.tutor_app.servicesImpl.AuthServiceImplTest" time="1.911" tests="11" errors="0" skipped="0" failures="0">
  <properties>
[...]
</properties>
  <testcase name="testRegister_TokensGenerated" classname="Tests AuthServiceImpl - Logique Inscription" time="1.675">
    <system-out><![CDATA[18:55:46.002 [main] INFO com.backend.tutor_app.servicesImpl.AuthServiceImpl -- Tentative d'inscription pour l'email: john.doe@example.com
18:55:46.012 [main] INFO com.backend.tutor_app.servicesImpl.AuthServiceImpl -- Inscription réussie pour l'utilisateur: john.doe@example.com
]]></system-out>
  </testcase>
  <testcase name="testRegister_Success_Tutor" classname="Tests AuthServiceImpl - Logique Inscription" time="0.02">
    <system-out><![CDATA[18:55:46.149 [main] INFO com.backend.tutor_app.servicesImpl.AuthServiceImpl -- Tentative d'inscription pour l'email: john.doe@example.com
18:55:46.150 [main] INFO com.backend.tutor_app.servicesImpl.AuthServiceImpl -- Inscription réussie pour l'utilisateur: john.doe@example.com
]]></system-out>
  </testcase>
  <testcase name="testRegister_InitialStatusPendingVerification" classname="Tests AuthServiceImpl - Logique Inscription" time="0.018">
    <system-out><![CDATA[18:55:46.173 [main] INFO com.backend.tutor_app.servicesImpl.AuthServiceImpl -- Tentative d'inscription pour l'email: john.doe@example.com
18:55:46.175 [main] INFO com.backend.tutor_app.servicesImpl.AuthServiceImpl -- Inscription réussie pour l'utilisateur: john.doe@example.com
]]></system-out>
  </testcase>
  <testcase name="testRegister_RateLimitExceeded" classname="Tests AuthServiceImpl - Logique Inscription" time="0.029">
    <system-out><![CDATA[18:55:46.192 [main] INFO com.backend.tutor_app.servicesImpl.AuthServiceImpl -- Tentative d'inscription pour l'email: john.doe@example.com
18:55:46.192 [main] WARN com.backend.tutor_app.servicesImpl.AuthServiceImpl -- Tentative d'inscription bloquée par rate limiting pour IP: 127.0.0.1
]]></system-out>
  </testcase>
  <testcase name="testRegister_RateLimitingRecorded" classname="Tests AuthServiceImpl - Logique Inscription" time="0.016">
    <system-out><![CDATA[18:55:46.223 [main] INFO com.backend.tutor_app.servicesImpl.AuthServiceImpl -- Tentative d'inscription pour l'email: john.doe@example.com
18:55:46.225 [main] INFO com.backend.tutor_app.servicesImpl.AuthServiceImpl -- Inscription réussie pour l'utilisateur: john.doe@example.com
]]></system-out>
  </testcase>
  <testcase name="testRegister_Success_Parent" classname="Tests AuthServiceImpl - Logique Inscription" time="0.012">
    <system-out><![CDATA[18:55:46.238 [main] INFO com.backend.tutor_app.servicesImpl.AuthServiceImpl -- Tentative d'inscription pour l'email: john.doe@example.com
18:55:46.240 [main] INFO com.backend.tutor_app.servicesImpl.AuthServiceImpl -- Inscription réussie pour l'utilisateur: john.doe@example.com
]]></system-out>
  </testcase>
  <testcase name="testRegister_ConsentFieldsPersisted" classname="Tests AuthServiceImpl - Logique Inscription" time="0.016">
    <system-out><![CDATA[18:55:46.255 [main] INFO com.backend.tutor_app.servicesImpl.AuthServiceImpl -- Tentative d'inscription pour l'email: john.doe@example.com
18:55:46.258 [main] INFO com.backend.tutor_app.servicesImpl.AuthServiceImpl -- Inscription réussie pour l'utilisateur: john.doe@example.com
]]></system-out>
  </testcase>
  <testcase name="testRegister_PasswordEncoded" classname="Tests AuthServiceImpl - Logique Inscription" time="0.018">
    <system-out><![CDATA[18:55:46.276 [main] INFO com.backend.tutor_app.servicesImpl.AuthServiceImpl -- Tentative d'inscription pour l'email: john.doe@example.com
18:55:46.279 [main] INFO com.backend.tutor_app.servicesImpl.AuthServiceImpl -- Inscription réussie pour l'utilisateur: john.doe@example.com
]]></system-out>
  </testcase>
  <testcase name="testRegister_UserTypeConversion" classname="Tests AuthServiceImpl - Logique Inscription" time="0.016">
    <system-out><![CDATA[18:55:46.294 [main] INFO com.backend.tutor_app.servicesImpl.AuthServiceImpl -- Tentative d'inscription pour l'email: john.doe@example.com
18:55:46.297 [main] INFO com.backend.tutor_app.servicesImpl.AuthServiceImpl -- Inscription réussie pour l'utilisateur: john.doe@example.com
]]></system-out>
  </testcase>
  <testcase name="testRegister_Success_Student" classname="Tests AuthServiceImpl - Logique Inscription" time="0.015">
    <system-out><![CDATA[18:55:46.312 [main] INFO com.backend.tutor_app.servicesImpl.AuthServiceImpl -- Tentative d'inscription pour l'email: john.doe@example.com
18:55:46.314 [main] INFO com.backend.tutor_app.servicesImpl.AuthServiceImpl -- Inscription réussie pour l'utilisateur: john.doe@example.com
]]></system-out>
  </testcase>
  <testcase name="testRegister_EmailAlreadyExists" classname="Tests AuthServiceImpl - Logique Inscription" time="0.012">
    <system-out><![CDATA[18:55:46.327 [main] INFO com.backend.tutor_app.servicesImpl.AuthServiceImpl -- Tentative d'inscription pour l'email: john.doe@example.com
18:55:46.328 [main] WARN com.backend.tutor_app.servicesImpl.AuthServiceImpl -- Tentative d'inscription avec un email déjà existant: john.doe@example.com
]]></system-out>
  </testcase>
</testsuite>