<?xml version="1.0" encoding="UTF-8"?>
<testsuite xmlns:xsi="http://www.w3.org/2001/XMLSchema-instance" xsi:noNamespaceSchemaLocation="https://maven.apache.org/surefire/maven-surefire-plugin/xsd/surefire-test-report.xsd" version="3.0.2" name="com.backend.tutor_app.TutorAppApplicationTests" time="20.065" tests="1" errors="0" skipped="0" failures="0">
  <properties>
[...]
</properties>
  <testcase name="contextLoads" classname="com.backend.tutor_app.TutorAppApplicationTests" time="0.745">
    <system-out><![CDATA[17:09:13.019 [main] INFO org.springframework.test.context.support.AnnotationConfigContextLoaderUtils -- Could not detect default configuration classes for test class [com.backend.tutor_app.TutorAppApplicationTests]: TutorAppApplicationTests does not declare any static, non-private, non-final, nested classes annotated with @Configuration.
17:09:13.189 [main] INFO org.springframework.boot.test.context.SpringBootTestContextBootstrapper -- Found @SpringBootConfiguration com.backend.tutor_app.TutorAppApplication for test class com.backend.tutor_app.TutorAppApplicationTests
 _________  ___  ___  _________  ________  ________                 ________  ________  ________
|\___   ___\\  \|\  \|\___   ___\\   __  \|\   __  \               |\   __  \|\   __  \|\   __  \
\|___ \  \_\ \  \\\  \|___ \  \_\ \  \|\  \ \  \|\  \  ____________\ \  \|\  \ \  \|\  \ \  \|\  \
     \ \  \ \ \  \\\  \   \ \  \ \ \  \\\  \ \   _  _\|\____________\ \   __  \ \   ____\ \   ____\
      \ \  \ \ \  \\\  \   \ \  \ \ \  \\\  \ \  \\  \\|____________|\ \  \ \  \ \  \___|\ \  \___|
       \ \__\ \ \_______\   \ \__\ \ \_______\ \__\\ _\               \ \__\ \__\ \__\    \ \__\
        \|__|  \|_______|    \|__|  \|_______|\|__|\|__|               \|__|\|__|\|__|     \|__|



2025-11-03T17:09:14.424+01:00  INFO 42030 --- [tutorapp-backend] [           main] c.b.tutor_app.TutorAppApplicationTests   : Starting TutorAppApplicationTests using Java 17.0.14 with PID 42030 (started by hels in /home/hels/Desktop/TutorApp project/TutorApp-fullstack/TutorApp-backend)
2025-11-03T17:09:14.427+01:00 DEBUG 42030 --- [tutorapp-backend] [           main] c.b.tutor_app.TutorAppApplicationTests   : Running with Spring Boot v3.5.6, Spring v6.2.11
2025-11-03T17:09:14.429+01:00  INFO 42030 --- [tutorapp-backend] [           main] c.b.tutor_app.TutorAppApplicationTests   : The following 1 profile is active: "dev"
2025-11-03T17:09:15.883+01:00  INFO 42030 --- [tutorapp-backend] [           main] .s.d.r.c.RepositoryConfigurationDelegate : Multiple Spring Data modules found, entering strict repository configuration mode
2025-11-03T17:09:15.886+01:00  INFO 42030 --- [tutorapp-backend] [           main] .s.d.r.c.RepositoryConfigurationDelegate : Bootstrapping Spring Data JPA repositories in DEFAULT mode.
2025-11-03T17:09:16.108+01:00  INFO 42030 --- [tutorapp-backend] [           main] .s.d.r.c.RepositoryConfigurationDelegate : Finished Spring Data repository scanning in 212 ms. Found 13 JPA repository interfaces.
2025-11-03T17:09:16.129+01:00  INFO 42030 --- [tutorapp-backend] [           main] .s.d.r.c.RepositoryConfigurationDelegate : Multiple Spring Data modules found, entering strict repository configuration mode
2025-11-03T17:09:16.131+01:00  INFO 42030 --- [tutorapp-backend] [           main] .s.d.r.c.RepositoryConfigurationDelegate : Bootstrapping Spring Data Redis repositories in DEFAULT mode.
2025-11-03T17:09:16.163+01:00  INFO 42030 --- [tutorapp-backend] [           main] .RepositoryConfigurationExtensionSupport : Spring Data Redis - Could not safely identify store assignment for repository candidate interface com.backend.tutor_app.repositories.AdminRepository; If you want this repository to be a Redis repository, consider annotating your entities with one of these annotations: org.springframework.data.redis.core.RedisHash (preferred), or consider extending one of the following types with your repository: org.springframework.data.keyvalue.repository.KeyValueRepository
2025-11-03T17:09:16.165+01:00  INFO 42030 --- [tutorapp-backend] [           main] .RepositoryConfigurationExtensionSupport : Spring Data Redis - Could not safely identify store assignment for repository candidate interface com.backend.tutor_app.repositories.AuditLogRepository; If you want this repository to be a Redis repository, consider annotating your entities with one of these annotations: org.springframework.data.redis.core.RedisHash (preferred), or consider extending one of the following types with your repository: org.springframework.data.keyvalue.repository.KeyValueRepository
2025-11-03T17:09:16.166+01:00  INFO 42030 --- [tutorapp-backend] [           main] .RepositoryConfigurationExtensionSupport : Spring Data Redis - Could not safely identify store assignment for repository candidate interface com.backend.tutor_app.repositories.EmailVerificationTokenRepository; If you want this repository to be a Redis repository, consider annotating your entities with one of these annotations: org.springframework.data.redis.core.RedisHash (preferred), or consider extending one of the following types with your repository: org.springframework.data.keyvalue.repository.KeyValueRepository
2025-11-03T17:09:16.166+01:00  INFO 42030 --- [tutorapp-backend] [           main] .RepositoryConfigurationExtensionSupport : Spring Data Redis - Could not safely identify store assignment for repository candidate interface com.backend.tutor_app.repositories.ModerationReportRepository; If you want this repository to be a Redis repository, consider annotating your entities with one of these annotations: org.springframework.data.redis.core.RedisHash (preferred), or consider extending one of the following types with your repository: org.springframework.data.keyvalue.repository.KeyValueRepository
2025-11-03T17:09:16.167+01:00  INFO 42030 --- [tutorapp-backend] [           main] .RepositoryConfigurationExtensionSupport : Spring Data Redis - Could not safely identify store assignment for repository candidate interface com.backend.tutor_app.repositories.ParentRepository; If you want this repository to be a Redis repository, consider annotating your entities with one of these annotations: org.springframework.data.redis.core.RedisHash (preferred), or consider extending one of the following types with your repository: org.springframework.data.keyvalue.repository.KeyValueRepository
2025-11-03T17:09:16.167+01:00  INFO 42030 --- [tutorapp-backend] [           main] .RepositoryConfigurationExtensionSupport : Spring Data Redis - Could not safely identify store assignment for repository candidate interface com.backend.tutor_app.repositories.PasswordResetTokenRepository; If you want this repository to be a Redis repository, consider annotating your entities with one of these annotations: org.springframework.data.redis.core.RedisHash (preferred), or consider extending one of the following types with your repository: org.springframework.data.keyvalue.repository.KeyValueRepository
2025-11-03T17:09:16.168+01:00  INFO 42030 --- [tutorapp-backend] [           main] .RepositoryConfigurationExtensionSupport : Spring Data Redis - Could not safely identify store assignment for repository candidate interface com.backend.tutor_app.repositories.RefreshTokenRepository; If you want this repository to be a Redis repository, consider annotating your entities with one of these annotations: org.springframework.data.redis.core.RedisHash (preferred), or consider extending one of the following types with your repository: org.springframework.data.keyvalue.repository.KeyValueRepository
2025-11-03T17:09:16.168+01:00  INFO 42030 --- [tutorapp-backend] [           main] .RepositoryConfigurationExtensionSupport : Spring Data Redis - Could not safely identify store assignment for repository candidate interface com.backend.tutor_app.repositories.SocialAccountRepository; If you want this repository to be a Redis repository, consider annotating your entities with one of these annotations: org.springframework.data.redis.core.RedisHash (preferred), or consider extending one of the following types with your repository: org.springframework.data.keyvalue.repository.KeyValueRepository
2025-11-03T17:09:16.169+01:00  INFO 42030 --- [tutorapp-backend] [           main] .RepositoryConfigurationExtensionSupport : Spring Data Redis - Could not safely identify store assignment for repository candidate interface com.backend.tutor_app.repositories.StudentRepository; If you want this repository to be a Redis repository, consider annotating your entities with one of these annotations: org.springframework.data.redis.core.RedisHash (preferred), or consider extending one of the following types with your repository: org.springframework.data.keyvalue.repository.KeyValueRepository
2025-11-03T17:09:16.170+01:00  INFO 42030 --- [tutorapp-backend] [           main] .RepositoryConfigurationExtensionSupport : Spring Data Redis - Could not safely identify store assignment for repository candidate interface com.backend.tutor_app.repositories.TutorApplicationRepository; If you want this repository to be a Redis repository, consider annotating your entities with one of these annotations: org.springframework.data.redis.core.RedisHash (preferred), or consider extending one of the following types with your repository: org.springframework.data.keyvalue.repository.KeyValueRepository
2025-11-03T17:09:16.170+01:00  INFO 42030 --- [tutorapp-backend] [           main] .RepositoryConfigurationExtensionSupport : Spring Data Redis - Could not safely identify store assignment for repository candidate interface com.backend.tutor_app.repositories.TutorRepository; If you want this repository to be a Redis repository, consider annotating your entities with one of these annotations: org.springframework.data.redis.core.RedisHash (preferred), or consider extending one of the following types with your repository: org.springframework.data.keyvalue.repository.KeyValueRepository
2025-11-03T17:09:16.171+01:00  INFO 42030 --- [tutorapp-backend] [           main] .RepositoryConfigurationExtensionSupport : Spring Data Redis - Could not safely identify store assignment for repository candidate interface com.backend.tutor_app.repositories.UserRepository; If you want this repository to be a Redis repository, consider annotating your entities with one of these annotations: org.springframework.data.redis.core.RedisHash (preferred), or consider extending one of the following types with your repository: org.springframework.data.keyvalue.repository.KeyValueRepository
2025-11-03T17:09:16.171+01:00  INFO 42030 --- [tutorapp-backend] [           main] .RepositoryConfigurationExtensionSupport : Spring Data Redis - Could not safely identify store assignment for repository candidate interface com.backend.tutor_app.repository.SecurityConfirmationTokenRepository; If you want this repository to be a Redis repository, consider annotating your entities with one of these annotations: org.springframework.data.redis.core.RedisHash (preferred), or consider extending one of the following types with your repository: org.springframework.data.keyvalue.repository.KeyValueRepository
2025-11-03T17:09:16.172+01:00  INFO 42030 --- [tutorapp-backend] [           main] .s.d.r.c.RepositoryConfigurationDelegate : Finished Spring Data repository scanning in 25 ms. Found 0 Redis repository interfaces.
2025-11-03T17:09:17.082+01:00  INFO 42030 --- [tutorapp-backend] [           main] o.hibernate.jpa.internal.util.LogHelper  : HHH000204: Processing PersistenceUnitInfo [name: default]
2025-11-03T17:09:17.129+01:00  INFO 42030 --- [tutorapp-backend] [           main] org.hibernate.Version                    : HHH000412: Hibernate ORM core version 6.6.29.Final
2025-11-03T17:09:17.162+01:00  INFO 42030 --- [tutorapp-backend] [           main] o.h.c.internal.RegionFactoryInitiator    : HHH000026: Second-level cache disabled
2025-11-03T17:09:17.437+01:00  INFO 42030 --- [tutorapp-backend] [           main] o.s.o.j.p.SpringPersistenceUnitInfo      : No LoadTimeWeaver setup: ignoring JPA class transformer
2025-11-03T17:09:17.467+01:00  INFO 42030 --- [tutorapp-backend] [           main] com.zaxxer.hikari.HikariDataSource       : HikariPool-1 - Starting...
2025-11-03T17:09:17.808+01:00  INFO 42030 --- [tutorapp-backend] [           main] com.zaxxer.hikari.pool.HikariPool        : HikariPool-1 - Added connection org.postgresql.jdbc.PgConnection@75784062
2025-11-03T17:09:17.810+01:00  INFO 42030 --- [tutorapp-backend] [           main] com.zaxxer.hikari.HikariDataSource       : HikariPool-1 - Start completed.
2025-11-03T17:09:17.849+01:00  WARN 42030 --- [tutorapp-backend] [           main] org.hibernate.orm.deprecation            : HHH90000025: PostgreSQLDialect does not need to be specified explicitly using 'hibernate.dialect' (remove the property setting and it will be selected by default)
2025-11-03T17:09:17.874+01:00  INFO 42030 --- [tutorapp-backend] [           main] org.hibernate.orm.connections.pooling    : HHH10001005: Database info:
	Database JDBC URL [Connecting through datasource 'HikariDataSource (HikariPool-1)']
	Database driver: undefined/unknown
	Database version: 14.19
	Autocommit mode: undefined/unknown
	Isolation level: undefined/unknown
	Minimum pool size: undefined/unknown
	Maximum pool size: undefined/unknown
2025-11-03T17:09:20.176+01:00  INFO 42030 --- [tutorapp-backend] [           main] o.h.e.t.j.p.i.JtaPlatformInitiator       : HHH000489: No JTA platform available (set 'hibernate.transaction.jta.platform' to enable JTA platform integration)
2025-11-03T17:09:20.192+01:00 DEBUG 42030 --- [tutorapp-backend] [           main] org.hibernate.SQL                        : 
    set client_min_messages = WARNING
Hibernate: 
    set client_min_messages = WARNING
2025-11-03T17:09:20.195+01:00 DEBUG 42030 --- [tutorapp-backend] [           main] org.hibernate.SQL                        : 
    alter table if exists admin 
       drop constraint if exists FKgodqjbbtwk30kf3s0xuxklkr3
Hibernate: 
    alter table if exists admin 
       drop constraint if exists FKgodqjbbtwk30kf3s0xuxklkr3
2025-11-03T17:09:20.201+01:00 DEBUG 42030 --- [tutorapp-backend] [           main] org.hibernate.SQL                        : 
    alter table if exists application_languages 
       drop constraint if exists FKoc1jgi0gxg3jabhf5xlopxxwf
Hibernate: 
    alter table if exists application_languages 
       drop constraint if exists FKoc1jgi0gxg3jabhf5xlopxxwf
2025-11-03T17:09:20.204+01:00 DEBUG 42030 --- [tutorapp-backend] [           main] org.hibernate.SQL                        : 
    alter table if exists application_levels 
       drop constraint if exists FK6540rmx5tmtf5q4x7vlkg02ge
Hibernate: 
    alter table if exists application_levels 
       drop constraint if exists FK6540rmx5tmtf5q4x7vlkg02ge
2025-11-03T17:09:20.206+01:00 DEBUG 42030 --- [tutorapp-backend] [           main] org.hibernate.SQL                        : 
    alter table if exists application_qualifications 
       drop constraint if exists FKdfnojd090j2yehd358meq3tq6
Hibernate: 
    alter table if exists application_qualifications 
       drop constraint if exists FKdfnojd090j2yehd358meq3tq6
2025-11-03T17:09:20.209+01:00 DEBUG 42030 --- [tutorapp-backend] [           main] org.hibernate.SQL                        : 
    alter table if exists application_subjects 
       drop constraint if exists FK48irl4f5w36skakefb67e7uir
Hibernate: 
    alter table if exists application_subjects 
       drop constraint if exists FK48irl4f5w36skakefb67e7uir
2025-11-03T17:09:20.211+01:00 DEBUG 42030 --- [tutorapp-backend] [           main] org.hibernate.SQL                        : 
    alter table if exists availability_subjects 
       drop constraint if exists FKlus3p4uqjmtn123fwyuqbl7a0
Hibernate: 
    alter table if exists availability_subjects 
       drop constraint if exists FKlus3p4uqjmtn123fwyuqbl7a0
2025-11-03T17:09:20.214+01:00 DEBUG 42030 --- [tutorapp-backend] [           main] org.hibernate.SQL                        : 
    alter table if exists email_verification_tokens 
       drop constraint if exists FKkyrs2tv7xn3fnys5xcvlv3wqf
Hibernate: 
    alter table if exists email_verification_tokens 
       drop constraint if exists FKkyrs2tv7xn3fnys5xcvlv3wqf
2025-11-03T17:09:20.217+01:00 DEBUG 42030 --- [tutorapp-backend] [           main] org.hibernate.SQL                        : 
    alter table if exists lesson 
       drop constraint if exists FKs645vnxkeoaux8oddw8ppc9fa
Hibernate: 
    alter table if exists lesson 
       drop constraint if exists FKs645vnxkeoaux8oddw8ppc9fa
2025-11-03T17:09:20.219+01:00 DEBUG 42030 --- [tutorapp-backend] [           main] org.hibernate.SQL                        : 
    alter table if exists moderation_reports 
       drop constraint if exists FKpva4c3fyq4prrmlfpyefb0f7i
Hibernate: 
    alter table if exists moderation_reports 
       drop constraint if exists FKpva4c3fyq4prrmlfpyefb0f7i
2025-11-03T17:09:20.222+01:00 DEBUG 42030 --- [tutorapp-backend] [           main] org.hibernate.SQL                        : 
    alter table if exists moderation_reports 
       drop constraint if exists FK7fm70778vci1vgbo3jfm2r9ch
Hibernate: 
    alter table if exists moderation_reports 
       drop constraint if exists FK7fm70778vci1vgbo3jfm2r9ch
2025-11-03T17:09:20.225+01:00 DEBUG 42030 --- [tutorapp-backend] [           main] org.hibernate.SQL                        : 
    alter table if exists parent 
       drop constraint if exists FKo31g185knxkcy425ddamct4o9
Hibernate: 
    alter table if exists parent 
       drop constraint if exists FKo31g185knxkcy425ddamct4o9
2025-11-03T17:09:20.227+01:00 DEBUG 42030 --- [tutorapp-backend] [           main] org.hibernate.SQL                        : 
    alter table if exists password_reset_tokens 
       drop constraint if exists FK8gsyvsi8r4jhmtir2upl4tc3h
Hibernate: 
    alter table if exists password_reset_tokens 
       drop constraint if exists FK8gsyvsi8r4jhmtir2upl4tc3h
2025-11-03T17:09:20.230+01:00 DEBUG 42030 --- [tutorapp-backend] [           main] org.hibernate.SQL                        : 
    alter table if exists qualification 
       drop constraint if exists FKgys8shqf43ev1m7mq14kcb7ul
Hibernate: 
    alter table if exists qualification 
       drop constraint if exists FKgys8shqf43ev1m7mq14kcb7ul
2025-11-03T17:09:20.233+01:00 DEBUG 42030 --- [tutorapp-backend] [           main] org.hibernate.SQL                        : 
    alter table if exists refresh_tokens 
       drop constraint if exists FKheuwts6j2dy6h6g2hjvs89pcn
Hibernate: 
    alter table if exists refresh_tokens 
       drop constraint if exists FKheuwts6j2dy6h6g2hjvs89pcn
2025-11-03T17:09:20.235+01:00 DEBUG 42030 --- [tutorapp-backend] [           main] org.hibernate.SQL                        : 
    alter table if exists security_confirmation_token 
       drop constraint if exists FKca4r5n1048ktipd9dcivesntr
Hibernate: 
    alter table if exists security_confirmation_token 
       drop constraint if exists FKca4r5n1048ktipd9dcivesntr
2025-11-03T17:09:20.238+01:00 DEBUG 42030 --- [tutorapp-backend] [           main] org.hibernate.SQL                        : 
    alter table if exists social_accounts 
       drop constraint if exists FKmyf6rykkkxtpotmhtyx6j1u83
Hibernate: 
    alter table if exists social_accounts 
       drop constraint if exists FKmyf6rykkkxtpotmhtyx6j1u83
2025-11-03T17:09:20.242+01:00 DEBUG 42030 --- [tutorapp-backend] [           main] org.hibernate.SQL                        : 
    alter table if exists student 
       drop constraint if exists FKqqq09m02bgrk47qoe6fs3ht4w
Hibernate: 
    alter table if exists student 
       drop constraint if exists FKqqq09m02bgrk47qoe6fs3ht4w
2025-11-03T17:09:20.244+01:00 DEBUG 42030 --- [tutorapp-backend] [           main] org.hibernate.SQL                        : 
    alter table if exists student 
       drop constraint if exists FKom57wtsticj6udoupbyx22vlv
Hibernate: 
    alter table if exists student 
       drop constraint if exists FKom57wtsticj6udoupbyx22vlv
2025-11-03T17:09:20.247+01:00 DEBUG 42030 --- [tutorapp-backend] [           main] org.hibernate.SQL                        : 
    alter table if exists student_availability 
       drop constraint if exists FKe9dvu6t57c3ovsnp9ggtppqiu
Hibernate: 
    alter table if exists student_availability 
       drop constraint if exists FKe9dvu6t57c3ovsnp9ggtppqiu
2025-11-03T17:09:20.253+01:00 DEBUG 42030 --- [tutorapp-backend] [           main] org.hibernate.SQL                        : 
    alter table if exists student_favorite_tutors 
       drop constraint if exists FKqf9p637ufj48r7a60kd1e3jxt
Hibernate: 
    alter table if exists student_favorite_tutors 
       drop constraint if exists FKqf9p637ufj48r7a60kd1e3jxt
2025-11-03T17:09:20.256+01:00 DEBUG 42030 --- [tutorapp-backend] [           main] org.hibernate.SQL                        : 
    alter table if exists student_favorite_tutors 
       drop constraint if exists FKbt5bfkf7tx20d3cqwjxy8t0i4
Hibernate: 
    alter table if exists student_favorite_tutors 
       drop constraint if exists FKbt5bfkf7tx20d3cqwjxy8t0i4
2025-11-03T17:09:20.259+01:00 DEBUG 42030 --- [tutorapp-backend] [           main] org.hibernate.SQL                        : 
    alter table if exists student_preferred_subjects 
       drop constraint if exists FK1uib99eyswku30jnbpnv3fxjl
Hibernate: 
    alter table if exists student_preferred_subjects 
       drop constraint if exists FK1uib99eyswku30jnbpnv3fxjl
2025-11-03T17:09:20.261+01:00 DEBUG 42030 --- [tutorapp-backend] [           main] org.hibernate.SQL                        : 
    alter table if exists tutor 
       drop constraint if exists FKevbhv6fi1jn88d46tyi8pkawe
Hibernate: 
    alter table if exists tutor 
       drop constraint if exists FKevbhv6fi1jn88d46tyi8pkawe
2025-11-03T17:09:20.264+01:00 DEBUG 42030 --- [tutorapp-backend] [           main] org.hibernate.SQL                        : 
    alter table if exists tutor_applications 
       drop constraint if exists FKqrqdvbu157duv6o2ylgsh70s9
Hibernate: 
    alter table if exists tutor_applications 
       drop constraint if exists FKqrqdvbu157duv6o2ylgsh70s9
2025-11-03T17:09:20.266+01:00 DEBUG 42030 --- [tutorapp-backend] [           main] org.hibernate.SQL                        : 
    alter table if exists tutor_languages 
       drop constraint if exists FKjjkgbu14yxqk1b3e56iq00bwe
Hibernate: 
    alter table if exists tutor_languages 
       drop constraint if exists FKjjkgbu14yxqk1b3e56iq00bwe
2025-11-03T17:09:20.268+01:00 DEBUG 42030 --- [tutorapp-backend] [           main] org.hibernate.SQL                        : 
    alter table if exists tutor_levels 
       drop constraint if exists FKo79hvbleyi5vmy5gkgkd01q5b
Hibernate: 
    alter table if exists tutor_levels 
       drop constraint if exists FKo79hvbleyi5vmy5gkgkd01q5b
2025-11-03T17:09:20.270+01:00 DEBUG 42030 --- [tutorapp-backend] [           main] org.hibernate.SQL                        : 
    alter table if exists tutor_subject_levels 
       drop constraint if exists FKa7r9om160qmfptkopvx7pba3w
Hibernate: 
    alter table if exists tutor_subject_levels 
       drop constraint if exists FKa7r9om160qmfptkopvx7pba3w
2025-11-03T17:09:20.273+01:00 DEBUG 42030 --- [tutorapp-backend] [           main] org.hibernate.SQL                        : 
    alter table if exists tutor_subjects 
       drop constraint if exists FK2rgvjsbsp6aqto0jj07peljlc
Hibernate: 
    alter table if exists tutor_subjects 
       drop constraint if exists FK2rgvjsbsp6aqto0jj07peljlc
2025-11-03T17:09:20.275+01:00 DEBUG 42030 --- [tutorapp-backend] [           main] org.hibernate.SQL                        : 
    alter table if exists tutor_subjects 
       drop constraint if exists FKrbwej4ik99xyo11357qqwucco
Hibernate: 
    alter table if exists tutor_subjects 
       drop constraint if exists FKrbwej4ik99xyo11357qqwucco
2025-11-03T17:09:20.277+01:00 DEBUG 42030 --- [tutorapp-backend] [           main] org.hibernate.SQL                        : 
    alter table if exists tutor_availability 
       drop constraint if exists FK7gm22v6vpadn2s8xq8t35kc5j
Hibernate: 
    alter table if exists tutor_availability 
       drop constraint if exists FK7gm22v6vpadn2s8xq8t35kc5j
2025-11-03T17:09:20.280+01:00 DEBUG 42030 --- [tutorapp-backend] [           main] org.hibernate.SQL                        : 
    alter table if exists tutor_document 
       drop constraint if exists FKgvajshkapp9eu4fcmvwn7hgrt
Hibernate: 
    alter table if exists tutor_document 
       drop constraint if exists FKgvajshkapp9eu4fcmvwn7hgrt
2025-11-03T17:09:20.283+01:00 DEBUG 42030 --- [tutorapp-backend] [           main] org.hibernate.SQL                        : 
    alter table if exists tutor_language 
       drop constraint if exists FK6scg7ml282sgm26m4hpqecnxl
Hibernate: 
    alter table if exists tutor_language 
       drop constraint if exists FK6scg7ml282sgm26m4hpqecnxl
2025-11-03T17:09:20.285+01:00 DEBUG 42030 --- [tutorapp-backend] [           main] org.hibernate.SQL                        : 
    alter table if exists tutor_preferences 
       drop constraint if exists FKr8gvr6et561c99jl5jsv43qt4
Hibernate: 
    alter table if exists tutor_preferences 
       drop constraint if exists FKr8gvr6et561c99jl5jsv43qt4
2025-11-03T17:09:20.288+01:00 DEBUG 42030 --- [tutorapp-backend] [           main] org.hibernate.SQL                        : 
    alter table if exists tutor_profile 
       drop constraint if exists FK7q1hdtjfk2c7kmlnlbu7gkl8o
Hibernate: 
    alter table if exists tutor_profile 
       drop constraint if exists FK7q1hdtjfk2c7kmlnlbu7gkl8o
2025-11-03T17:09:20.290+01:00 DEBUG 42030 --- [tutorapp-backend] [           main] org.hibernate.SQL                        : 
    alter table if exists tutor_review 
       drop constraint if exists FKn1grl881osn7u0qtqi9epb4t3
Hibernate: 
    alter table if exists tutor_review 
       drop constraint if exists FKn1grl881osn7u0qtqi9epb4t3
2025-11-03T17:09:20.292+01:00 DEBUG 42030 --- [tutorapp-backend] [           main] org.hibernate.SQL                        : 
    alter table if exists tutor_review 
       drop constraint if exists FK5gue1hsi9b3rjrj7qum03pspg
Hibernate: 
    alter table if exists tutor_review 
       drop constraint if exists FK5gue1hsi9b3rjrj7qum03pspg
2025-11-03T17:09:20.294+01:00 DEBUG 42030 --- [tutorapp-backend] [           main] org.hibernate.SQL                        : 
    alter table if exists tutor_subject 
       drop constraint if exists FKc8um4d7iopbq72enywi84a1f7
Hibernate: 
    alter table if exists tutor_subject 
       drop constraint if exists FKc8um4d7iopbq72enywi84a1f7
2025-11-03T17:09:20.296+01:00 DEBUG 42030 --- [tutorapp-backend] [           main] org.hibernate.SQL                        : 
    alter table if exists tutor_subject 
       drop constraint if exists FKrms2hp61pr8yiu7j7wenb2kx6
Hibernate: 
    alter table if exists tutor_subject 
       drop constraint if exists FKrms2hp61pr8yiu7j7wenb2kx6
2025-11-03T17:09:20.298+01:00 DEBUG 42030 --- [tutorapp-backend] [           main] org.hibernate.SQL                        : 
    drop table if exists admin cascade
Hibernate: 
    drop table if exists admin cascade
2025-11-03T17:09:20.302+01:00 DEBUG 42030 --- [tutorapp-backend] [           main] org.hibernate.SQL                        : 
    drop table if exists application_languages cascade
Hibernate: 
    drop table if exists application_languages cascade
2025-11-03T17:09:20.305+01:00 DEBUG 42030 --- [tutorapp-backend] [           main] org.hibernate.SQL                        : 
    drop table if exists application_levels cascade
Hibernate: 
    drop table if exists application_levels cascade
2025-11-03T17:09:20.307+01:00 DEBUG 42030 --- [tutorapp-backend] [           main] org.hibernate.SQL                        : 
    drop table if exists application_qualifications cascade
Hibernate: 
    drop table if exists application_qualifications cascade
2025-11-03T17:09:20.310+01:00 DEBUG 42030 --- [tutorapp-backend] [           main] org.hibernate.SQL                        : 
    drop table if exists application_subjects cascade
Hibernate: 
    drop table if exists application_subjects cascade
2025-11-03T17:09:20.312+01:00 DEBUG 42030 --- [tutorapp-backend] [           main] org.hibernate.SQL                        : 
    drop table if exists audit_logs cascade
Hibernate: 
    drop table if exists audit_logs cascade
2025-11-03T17:09:20.319+01:00 DEBUG 42030 --- [tutorapp-backend] [           main] org.hibernate.SQL                        : 
    drop table if exists availability_subjects cascade
Hibernate: 
    drop table if exists availability_subjects cascade
2025-11-03T17:09:20.322+01:00 DEBUG 42030 --- [tutorapp-backend] [           main] org.hibernate.SQL                        : 
    drop table if exists email_verification_tokens cascade
Hibernate: 
    drop table if exists email_verification_tokens cascade
2025-11-03T17:09:20.327+01:00 DEBUG 42030 --- [tutorapp-backend] [           main] org.hibernate.SQL                        : 
    drop table if exists lesson cascade
Hibernate: 
    drop table if exists lesson cascade
2025-11-03T17:09:20.331+01:00 DEBUG 42030 --- [tutorapp-backend] [           main] org.hibernate.SQL                        : 
    drop table if exists moderation_reports cascade
Hibernate: 
    drop table if exists moderation_reports cascade
2025-11-03T17:09:20.336+01:00 DEBUG 42030 --- [tutorapp-backend] [           main] org.hibernate.SQL                        : 
    drop table if exists parent cascade
Hibernate: 
    drop table if exists parent cascade
2025-11-03T17:09:20.340+01:00 DEBUG 42030 --- [tutorapp-backend] [           main] org.hibernate.SQL                        : 
    drop table if exists password_reset_tokens cascade
Hibernate: 
    drop table if exists password_reset_tokens cascade
2025-11-03T17:09:20.345+01:00 DEBUG 42030 --- [tutorapp-backend] [           main] org.hibernate.SQL                        : 
    drop table if exists qualification cascade
Hibernate: 
    drop table if exists qualification cascade
2025-11-03T17:09:20.353+01:00 DEBUG 42030 --- [tutorapp-backend] [           main] org.hibernate.SQL                        : 
    drop table if exists refresh_tokens cascade
Hibernate: 
    drop table if exists refresh_tokens cascade
2025-11-03T17:09:20.359+01:00 DEBUG 42030 --- [tutorapp-backend] [           main] org.hibernate.SQL                        : 
    drop table if exists security_confirmation_token cascade
Hibernate: 
    drop table if exists security_confirmation_token cascade
2025-11-03T17:09:20.363+01:00 DEBUG 42030 --- [tutorapp-backend] [           main] org.hibernate.SQL                        : 
    drop table if exists social_accounts cascade
Hibernate: 
    drop table if exists social_accounts cascade
2025-11-03T17:09:20.366+01:00 DEBUG 42030 --- [tutorapp-backend] [           main] org.hibernate.SQL                        : 
    drop table if exists student cascade
Hibernate: 
    drop table if exists student cascade
2025-11-03T17:09:20.369+01:00 DEBUG 42030 --- [tutorapp-backend] [           main] org.hibernate.SQL                        : 
    drop table if exists student_availability cascade
Hibernate: 
    drop table if exists student_availability cascade
2025-11-03T17:09:20.372+01:00 DEBUG 42030 --- [tutorapp-backend] [           main] org.hibernate.SQL                        : 
    drop table if exists student_favorite_tutors cascade
Hibernate: 
    drop table if exists student_favorite_tutors cascade
2025-11-03T17:09:20.375+01:00 DEBUG 42030 --- [tutorapp-backend] [           main] org.hibernate.SQL                        : 
    drop table if exists student_preferred_subjects cascade
Hibernate: 
    drop table if exists student_preferred_subjects cascade
2025-11-03T17:09:20.378+01:00 DEBUG 42030 --- [tutorapp-backend] [           main] org.hibernate.SQL                        : 
    drop table if exists subject cascade
Hibernate: 
    drop table if exists subject cascade
2025-11-03T17:09:20.383+01:00 DEBUG 42030 --- [tutorapp-backend] [           main] org.hibernate.SQL                        : 
    drop table if exists tutor cascade
Hibernate: 
    drop table if exists tutor cascade
2025-11-03T17:09:20.387+01:00 DEBUG 42030 --- [tutorapp-backend] [           main] org.hibernate.SQL                        : 
    drop table if exists tutor_applications cascade
Hibernate: 
    drop table if exists tutor_applications cascade
2025-11-03T17:09:20.391+01:00 DEBUG 42030 --- [tutorapp-backend] [           main] org.hibernate.SQL                        : 
    drop table if exists tutor_languages cascade
Hibernate: 
    drop table if exists tutor_languages cascade
2025-11-03T17:09:20.394+01:00 DEBUG 42030 --- [tutorapp-backend] [           main] org.hibernate.SQL                        : 
    drop table if exists tutor_levels cascade
Hibernate: 
    drop table if exists tutor_levels cascade
2025-11-03T17:09:20.397+01:00 DEBUG 42030 --- [tutorapp-backend] [           main] org.hibernate.SQL                        : 
    drop table if exists tutor_subject_levels cascade
Hibernate: 
    drop table if exists tutor_subject_levels cascade
2025-11-03T17:09:20.399+01:00 DEBUG 42030 --- [tutorapp-backend] [           main] org.hibernate.SQL                        : 
    drop table if exists tutor_subjects cascade
Hibernate: 
    drop table if exists tutor_subjects cascade
2025-11-03T17:09:20.402+01:00 DEBUG 42030 --- [tutorapp-backend] [           main] org.hibernate.SQL                        : 
    drop table if exists tutor_availability cascade
Hibernate: 
    drop table if exists tutor_availability cascade
2025-11-03T17:09:20.407+01:00 DEBUG 42030 --- [tutorapp-backend] [           main] org.hibernate.SQL                        : 
    drop table if exists tutor_document cascade
Hibernate: 
    drop table if exists tutor_document cascade
2025-11-03T17:09:20.412+01:00 DEBUG 42030 --- [tutorapp-backend] [           main] org.hibernate.SQL                        : 
    drop table if exists tutor_language cascade
Hibernate: 
    drop table if exists tutor_language cascade
2025-11-03T17:09:20.416+01:00 DEBUG 42030 --- [tutorapp-backend] [           main] org.hibernate.SQL                        : 
    drop table if exists tutor_preferences cascade
Hibernate: 
    drop table if exists tutor_preferences cascade
2025-11-03T17:09:20.421+01:00 DEBUG 42030 --- [tutorapp-backend] [           main] org.hibernate.SQL                        : 
    drop table if exists tutor_profile cascade
Hibernate: 
    drop table if exists tutor_profile cascade
2025-11-03T17:09:20.427+01:00 DEBUG 42030 --- [tutorapp-backend] [           main] org.hibernate.SQL                        : 
    drop table if exists tutor_review cascade
Hibernate: 
    drop table if exists tutor_review cascade
2025-11-03T17:09:20.432+01:00 DEBUG 42030 --- [tutorapp-backend] [           main] org.hibernate.SQL                        : 
    drop table if exists tutor_subject cascade
Hibernate: 
    drop table if exists tutor_subject cascade
2025-11-03T17:09:20.436+01:00 DEBUG 42030 --- [tutorapp-backend] [           main] org.hibernate.SQL                        : 
    drop table if exists utilisateur cascade
Hibernate: 
    drop table if exists utilisateur cascade
2025-11-03T17:09:20.454+01:00 DEBUG 42030 --- [tutorapp-backend] [           main] org.hibernate.SQL                        : 
    create table admin (
        can_manage_content boolean not null,
        can_manage_tutors boolean not null,
        can_manage_users boolean not null,
        can_view_reports boolean not null,
        assigned_at timestamp(6),
        id bigint not null,
        admin_level varchar(255) check (admin_level in ('SUPER_ADMIN','ADMIN','MODERATOR')),
        assigned_by varchar(255),
        department varchar(255),
        permissions TEXT,
        primary key (id)
    )
Hibernate: 
    create table admin (
        can_manage_content boolean not null,
        can_manage_tutors boolean not null,
        can_manage_users boolean not null,
        can_view_reports boolean not null,
        assigned_at timestamp(6),
        id bigint not null,
        admin_level varchar(255) check (admin_level in ('SUPER_ADMIN','ADMIN','MODERATOR')),
        assigned_by varchar(255),
        department varchar(255),
        permissions TEXT,
        primary key (id)
    )
2025-11-03T17:09:20.475+01:00 DEBUG 42030 --- [tutorapp-backend] [           main] org.hibernate.SQL                        : 
    create table application_languages (
        application_id bigint not null,
        language varchar(255)
    )
Hibernate: 
    create table application_languages (
        application_id bigint not null,
        language varchar(255)
    )
2025-11-03T17:09:20.479+01:00 DEBUG 42030 --- [tutorapp-backend] [           main] org.hibernate.SQL                        : 
    create table application_levels (
        application_id bigint not null,
        level varchar(255)
    )
Hibernate: 
    create table application_levels (
        application_id bigint not null,
        level varchar(255)
    )
2025-11-03T17:09:20.483+01:00 DEBUG 42030 --- [tutorapp-backend] [           main] org.hibernate.SQL                        : 
    create table application_qualifications (
        application_id bigint not null,
        qualification varchar(255)
    )
Hibernate: 
    create table application_qualifications (
        application_id bigint not null,
        qualification varchar(255)
    )
2025-11-03T17:09:20.487+01:00 DEBUG 42030 --- [tutorapp-backend] [           main] org.hibernate.SQL                        : 
    create table application_subjects (
        application_id bigint not null,
        subject varchar(255)
    )
Hibernate: 
    create table application_subjects (
        application_id bigint not null,
        subject varchar(255)
    )
2025-11-03T17:09:20.491+01:00 DEBUG 42030 --- [tutorapp-backend] [           main] org.hibernate.SQL                        : 
    create table audit_logs (
        severity_level integer,
        success boolean,
        admin_id bigint,
        created_at timestamp(6) not null,
        entity_id bigint,
        execution_time_ms bigint,
        id bigint generated by default as identity,
        last_update timestamp(6) not null,
        timestamp timestamp(6) not null,
        user_id bigint,
        ip_address varchar(45),
        action varchar(50) not null check (action in ('USER_CREATED','USER_UPDATED','USER_DELETED','USER_STATUS_CHANGED','USER_ROLE_CHANGED','USER_PASSWORD_CHANGED','USER_EMAIL_VERIFIED','USER_PROFILE_PICTURE_UPDATED','USER_DEACTIVATED','USER_REACTIVATED','LOGIN_SUCCESS','LOGIN_FAILED','LOGOUT','PASSWORD_RESET_REQUESTED','PASSWORD_RESET_COMPLETED','SOCIAL_LOGIN_SUCCESS','SOCIAL_ACCOUNT_LINKED','SOCIAL_ACCOUNT_UNLINKED','TUTOR_APPLICATION_SUBMITTED','TUTOR_APPLICATION_APPROVED','TUTOR_APPLICATION_REJECTED','TUTOR_APPLICATION_UNDER_REVIEW','TUTOR_PROFILE_UPDATED','TUTOR_AVAILABILITY_UPDATED','REPORT_CREATED','REPORT_RESOLVED','REPORT_DISMISSED','REPORT_ESCALATED','USER_SUSPENDED','USER_BANNED','CONTENT_REMOVED','ADMIN_LOGIN','ADMIN_ACTION','ADMIN_USER_MANAGEMENT','ADMIN_SYSTEM_CONFIG','ADMIN_BULK_ACTION','SYSTEM_STARTUP','SYSTEM_SHUTDOWN','SYSTEM_ERROR','SYSTEM_MAINTENANCE','DATA_MIGRATION','BACKUP_CREATED','BACKUP_RESTORED','SECURITY_VIOLATION','SUSPICIOUS_ACTIVITY','RATE_LIMIT_EXCEEDED','TOKEN_REVOKED','SESSION_EXPIRED','FILE_UPLOADED','FILE_DELETED','FILE_ACCESS_DENIED','CREATED','UPDATED','DELETED','VIEWED','EXPORTED','IMPORTED')),
        entity_type varchar(100) not null,
        request_id varchar(100),
        session_id varchar(100),
        details TEXT,
        error_message TEXT,
        new_values TEXT,
        old_values TEXT,
        user_agent TEXT,
        primary key (id)
    )
Hibernate: 
    create table audit_logs (
        severity_level integer,
        success boolean,
        admin_id bigint,
        created_at timestamp(6) not null,
        entity_id bigint,
        execution_time_ms bigint,
        id bigint generated by default as identity,
        last_update timestamp(6) not null,
        timestamp timestamp(6) not null,
        user_id bigint,
        ip_address varchar(45),
        action varchar(50) not null check (action in ('USER_CREATED','USER_UPDATED','USER_DELETED','USER_STATUS_CHANGED','USER_ROLE_CHANGED','USER_PASSWORD_CHANGED','USER_EMAIL_VERIFIED','USER_PROFILE_PICTURE_UPDATED','USER_DEACTIVATED','USER_REACTIVATED','LOGIN_SUCCESS','LOGIN_FAILED','LOGOUT','PASSWORD_RESET_REQUESTED','PASSWORD_RESET_COMPLETED','SOCIAL_LOGIN_SUCCESS','SOCIAL_ACCOUNT_LINKED','SOCIAL_ACCOUNT_UNLINKED','TUTOR_APPLICATION_SUBMITTED','TUTOR_APPLICATION_APPROVED','TUTOR_APPLICATION_REJECTED','TUTOR_APPLICATION_UNDER_REVIEW','TUTOR_PROFILE_UPDATED','TUTOR_AVAILABILITY_UPDATED','REPORT_CREATED','REPORT_RESOLVED','REPORT_DISMISSED','REPORT_ESCALATED','USER_SUSPENDED','USER_BANNED','CONTENT_REMOVED','ADMIN_LOGIN','ADMIN_ACTION','ADMIN_USER_MANAGEMENT','ADMIN_SYSTEM_CONFIG','ADMIN_BULK_ACTION','SYSTEM_STARTUP','SYSTEM_SHUTDOWN','SYSTEM_ERROR','SYSTEM_MAINTENANCE','DATA_MIGRATION','BACKUP_CREATED','BACKUP_RESTORED','SECURITY_VIOLATION','SUSPICIOUS_ACTIVITY','RATE_LIMIT_EXCEEDED','TOKEN_REVOKED','SESSION_EXPIRED','FILE_UPLOADED','FILE_DELETED','FILE_ACCESS_DENIED','CREATED','UPDATED','DELETED','VIEWED','EXPORTED','IMPORTED')),
        entity_type varchar(100) not null,
        request_id varchar(100),
        session_id varchar(100),
        details TEXT,
        error_message TEXT,
        new_values TEXT,
        old_values TEXT,
        user_agent TEXT,
        primary key (id)
    )
2025-11-03T17:09:20.504+01:00 DEBUG 42030 --- [tutorapp-backend] [           main] org.hibernate.SQL                        : 
    create table availability_subjects (
        tutor_availability_id bigint not null,
        subject_codes varchar(255)
    )
Hibernate: 
    create table availability_subjects (
        tutor_availability_id bigint not null,
        subject_codes varchar(255)
    )
2025-11-03T17:09:20.508+01:00 DEBUG 42030 --- [tutorapp-backend] [           main] org.hibernate.SQL                        : 
    create table email_verification_tokens (
        created_at timestamp(6) not null,
        expires_at timestamp(6) not null,
        id bigint generated by default as identity,
        last_update timestamp(6) not null,
        user_id bigint not null,
        verified_at timestamp(6),
        ip_address varchar(45),
        token varchar(255) not null unique,
        primary key (id)
    )
Hibernate: 
    create table email_verification_tokens (
        created_at timestamp(6) not null,
        expires_at timestamp(6) not null,
        id bigint generated by default as identity,
        last_update timestamp(6) not null,
        user_id bigint not null,
        verified_at timestamp(6),
        ip_address varchar(45),
        token varchar(255) not null unique,
        primary key (id)
    )
2025-11-03T17:09:20.517+01:00 DEBUG 42030 --- [tutorapp-backend] [           main] org.hibernate.SQL                        : 
    create table lesson (
        created_at timestamp(6) not null,
        id bigint generated by default as identity,
        last_update timestamp(6) not null,
        student_id bigint,
        primary key (id)
    )
Hibernate: 
    create table lesson (
        created_at timestamp(6) not null,
        id bigint generated by default as identity,
        last_update timestamp(6) not null,
        student_id bigint,
        primary key (id)
    )
2025-11-03T17:09:20.524+01:00 DEBUG 42030 --- [tutorapp-backend] [           main] org.hibernate.SQL                        : 
    create table moderation_reports (
        is_anonymous boolean,
        priority_level integer,
        created_at timestamp(6) not null,
        id bigint generated by default as identity,
        last_update timestamp(6) not null,
        related_content_id bigint,
        reported_at timestamp(6),
        reported_user_id bigint not null,
        reporter_id bigint not null,
        resolved_at timestamp(6),
        resolved_by bigint,
        status varchar(20) not null check (status in ('PENDING','UNDER_REVIEW','RESOLVED','DISMISSED','ESCALATED')),
        type varchar(30) not null check (type in ('INAPPROPRIATE_CONTENT','HARASSMENT','SPAM','FAKE_PROFILE','INAPPROPRIATE_BEHAVIOR','SCAM','COPYRIGHT_VIOLATION','HATE_SPEECH','VIOLENCE','OTHER')),
        reason TEXT not null,
        description TEXT,
        admin_comment TEXT,
        evidence_url varchar(255),
        related_content_type varchar(255),
        reporter_ip varchar(255),
        primary key (id)
    )
Hibernate: 
    create table moderation_reports (
        is_anonymous boolean,
        priority_level integer,
        created_at timestamp(6) not null,
        id bigint generated by default as identity,
        last_update timestamp(6) not null,
        related_content_id bigint,
        reported_at timestamp(6),
        reported_user_id bigint not null,
        reporter_id bigint not null,
        resolved_at timestamp(6),
        resolved_by bigint,
        status varchar(20) not null check (status in ('PENDING','UNDER_REVIEW','RESOLVED','DISMISSED','ESCALATED')),
        type varchar(30) not null check (type in ('INAPPROPRIATE_CONTENT','HARASSMENT','SPAM','FAKE_PROFILE','INAPPROPRIATE_BEHAVIOR','SCAM','COPYRIGHT_VIOLATION','HATE_SPEECH','VIOLENCE','OTHER')),
        reason TEXT not null,
        description TEXT,
        admin_comment TEXT,
        evidence_url varchar(255),
        related_content_type varchar(255),
        reporter_ip varchar(255),
        primary key (id)
    )
2025-11-03T17:09:20.535+01:00 DEBUG 42030 --- [tutorapp-backend] [           main] org.hibernate.SQL                        : 
    create table parent (
        id bigint not null,
        preferred_communication varchar(20),
        relationship_to_children varchar(50),
        emergency_contact varchar(100),
        occupation varchar(100),
        primary key (id)
    )
Hibernate: 
    create table parent (
        id bigint not null,
        preferred_communication varchar(20),
        relationship_to_children varchar(50),
        emergency_contact varchar(100),
        occupation varchar(100),
        primary key (id)
    )
2025-11-03T17:09:20.540+01:00 DEBUG 42030 --- [tutorapp-backend] [           main] org.hibernate.SQL                        : 
    create table password_reset_tokens (
        created_at timestamp(6) not null,
        expires_at timestamp(6) not null,
        id bigint generated by default as identity,
        last_update timestamp(6) not null,
        used_at timestamp(6),
        user_id bigint not null,
        token varchar(255) not null unique,
        primary key (id)
    )
Hibernate: 
    create table password_reset_tokens (
        created_at timestamp(6) not null,
        expires_at timestamp(6) not null,
        id bigint generated by default as identity,
        last_update timestamp(6) not null,
        used_at timestamp(6),
        user_id bigint not null,
        token varchar(255) not null unique,
        primary key (id)
    )
2025-11-03T17:09:20.553+01:00 DEBUG 42030 --- [tutorapp-backend] [           main] org.hibernate.SQL                        : 
    create table qualification (
        graduation_year integer,
        created_at timestamp(6) not null,
        id bigint generated by default as identity,
        last_update timestamp(6) not null,
        tutor_id bigint not null,
        verified_at timestamp(6),
        description TEXT,
        document_url varchar(255),
        field_of_study varchar(255),
        institution varchar(255) not null,
        title varchar(255) not null,
        type varchar(255) not null check (type in ('DEGREE','CERTIFICATION','DIPLOMA','LICENSE','TRAINING')),
        verification_status varchar(255) not null check (verification_status in ('PENDING','VERIFIED','REJECTED','EXPIRED','UNDER_REVIEW')),
        verified_by varchar(255),
        primary key (id)
    )
Hibernate: 
    create table qualification (
        graduation_year integer,
        created_at timestamp(6) not null,
        id bigint generated by default as identity,
        last_update timestamp(6) not null,
        tutor_id bigint not null,
        verified_at timestamp(6),
        description TEXT,
        document_url varchar(255),
        field_of_study varchar(255),
        institution varchar(255) not null,
        title varchar(255) not null,
        type varchar(255) not null check (type in ('DEGREE','CERTIFICATION','DIPLOMA','LICENSE','TRAINING')),
        verification_status varchar(255) not null check (verification_status in ('PENDING','VERIFIED','REJECTED','EXPIRED','UNDER_REVIEW')),
        verified_by varchar(255),
        primary key (id)
    )
2025-11-03T17:09:20.565+01:00 DEBUG 42030 --- [tutorapp-backend] [           main] org.hibernate.SQL                        : 
    create table refresh_tokens (
        is_revoked boolean not null,
        usage_count integer not null,
        created_at timestamp(6) not null,
        expires_at timestamp(6) not null,
        id bigint generated by default as identity,
        last_update timestamp(6) not null,
        last_used timestamp(6),
        parent_token_id bigint,
        revoked_at timestamp(6),
        user_id bigint not null,
        browser_language varchar(10),
        ip_address varchar(45),
        browser_version varchar(50),
        os_version varchar(50),
        browser_name varchar(100),
        os_name varchar(100),
        timezone varchar(100),
        device_info varchar(500),
        user_agent varchar(1000),
        revoked_reason varchar(255),
        token varchar(255) not null unique,
        primary key (id)
    )
Hibernate: 
    create table refresh_tokens (
        is_revoked boolean not null,
        usage_count integer not null,
        created_at timestamp(6) not null,
        expires_at timestamp(6) not null,
        id bigint generated by default as identity,
        last_update timestamp(6) not null,
        last_used timestamp(6),
        parent_token_id bigint,
        revoked_at timestamp(6),
        user_id bigint not null,
        browser_language varchar(10),
        ip_address varchar(45),
        browser_version varchar(50),
        os_version varchar(50),
        browser_name varchar(100),
        os_name varchar(100),
        timezone varchar(100),
        device_info varchar(500),
        user_agent varchar(1000),
        revoked_reason varchar(255),
        token varchar(255) not null unique,
        primary key (id)
    )
2025-11-03T17:09:20.577+01:00 DEBUG 42030 --- [tutorapp-backend] [           main] org.hibernate.SQL                        : 
    create table security_confirmation_token (
        is_used boolean not null,
        confirmed_at timestamp(6),
        created_at timestamp(6) not null,
        expires_at timestamp(6) not null,
        id bigint generated by default as identity,
        last_update timestamp(6) not null,
        utilisateur_id bigint not null,
        confirmation_ip varchar(45),
        ip_address varchar(45),
        confirmation_user_agent varchar(500),
        reason varchar(500),
        user_agent varchar(500),
        token varchar(255) not null unique,
        primary key (id)
    )
Hibernate: 
    create table security_confirmation_token (
        is_used boolean not null,
        confirmed_at timestamp(6),
        created_at timestamp(6) not null,
        expires_at timestamp(6) not null,
        id bigint generated by default as identity,
        last_update timestamp(6) not null,
        utilisateur_id bigint not null,
        confirmation_ip varchar(45),
        ip_address varchar(45),
        confirmation_user_agent varchar(500),
        reason varchar(500),
        user_agent varchar(500),
        token varchar(255) not null unique,
        primary key (id)
    )
2025-11-03T17:09:20.587+01:00 DEBUG 42030 --- [tutorapp-backend] [           main] org.hibernate.SQL                        : 
    create table social_accounts (
        is_primary boolean not null,
        created_at timestamp(6) not null,
        id bigint generated by default as identity,
        last_update timestamp(6) not null,
        token_expires_at timestamp(6),
        used_at timestamp(6),
        user_id bigint not null,
        provider varchar(20) not null check (provider in ('GOOGLE','FACEBOOK','GITHUB')),
        provider_email varchar(100),
        provider_id varchar(100) not null,
        provider_name varchar(100),
        access_token TEXT,
        provider_avatar varchar(255),
        refresh_token TEXT,
        primary key (id)
    )
Hibernate: 
    create table social_accounts (
        is_primary boolean not null,
        created_at timestamp(6) not null,
        id bigint generated by default as identity,
        last_update timestamp(6) not null,
        token_expires_at timestamp(6),
        used_at timestamp(6),
        user_id bigint not null,
        provider varchar(20) not null check (provider in ('GOOGLE','FACEBOOK','GITHUB')),
        provider_email varchar(100),
        provider_id varchar(100) not null,
        provider_name varchar(100),
        access_token TEXT,
        provider_avatar varchar(255),
        refresh_token TEXT,
        primary key (id)
    )
2025-11-03T17:09:20.596+01:00 DEBUG 42030 --- [tutorapp-backend] [           main] org.hibernate.SQL                        : 
    create table student (
        birth_date date,
        id bigint not null,
        parent_id bigint,
        learning_style varchar(20),
        school_level varchar(50),
        school_name varchar(100),
        address varchar(200),
        goals TEXT,
        primary key (id)
    )
Hibernate: 
    create table student (
        birth_date date,
        id bigint not null,
        parent_id bigint,
        learning_style varchar(20),
        school_level varchar(50),
        school_name varchar(100),
        address varchar(200),
        goals TEXT,
        primary key (id)
    )
2025-11-03T17:09:20.603+01:00 DEBUG 42030 --- [tutorapp-backend] [           main] org.hibernate.SQL                        : 
    create table student_availability (
        student_id bigint not null,
        time_slot varchar(255)
    )
Hibernate: 
    create table student_availability (
        student_id bigint not null,
        time_slot varchar(255)
    )
2025-11-03T17:09:20.606+01:00 DEBUG 42030 --- [tutorapp-backend] [           main] org.hibernate.SQL                        : 
    create table student_favorite_tutors (
        student_id bigint not null,
        tutor_id bigint not null,
        primary key (student_id, tutor_id)
    )
Hibernate: 
    create table student_favorite_tutors (
        student_id bigint not null,
        tutor_id bigint not null,
        primary key (student_id, tutor_id)
    )
2025-11-03T17:09:20.611+01:00 DEBUG 42030 --- [tutorapp-backend] [           main] org.hibernate.SQL                        : 
    create table student_preferred_subjects (
        student_id bigint not null,
        subject_code varchar(255)
    )
Hibernate: 
    create table student_preferred_subjects (
        student_id bigint not null,
        subject_code varchar(255)
    )
2025-11-03T17:09:20.614+01:00 DEBUG 42030 --- [tutorapp-backend] [           main] org.hibernate.SQL                        : 
    create table subject (
        is_active boolean not null,
        created_at timestamp(6) not null,
        id bigint generated by default as identity,
        last_update timestamp(6) not null,
        category varchar(255) not null check (category in ('SCIENCES','MATHEMATICS','LANGUAGES','HUMANITIES','ARTS','TECHNOLOGY','BUSINESS','OTHER')),
        code varchar(255) not null unique,
        description TEXT,
        icon_name varchar(255),
        name varchar(255) not null,
        primary key (id)
    )
Hibernate: 
    create table subject (
        is_active boolean not null,
        created_at timestamp(6) not null,
        id bigint generated by default as identity,
        last_update timestamp(6) not null,
        category varchar(255) not null check (category in ('SCIENCES','MATHEMATICS','LANGUAGES','HUMANITIES','ARTS','TECHNOLOGY','BUSINESS','OTHER')),
        code varchar(255) not null unique,
        description TEXT,
        icon_name varchar(255),
        name varchar(255) not null,
        primary key (id)
    )
2025-11-03T17:09:20.627+01:00 DEBUG 42030 --- [tutorapp-backend] [           main] org.hibernate.SQL                        : 
    create table tutor (
        average_rating float(53),
        experience_years integer check (experience_years>=0),
        hourly_rate numeric(10,2),
        is_available boolean not null,
        response_time_hours integer,
        total_lessons integer check (total_lessons>=0),
        total_reviews integer check (total_reviews>=0),
        id bigint not null,
        verification_status varchar(20) check (verification_status in ('PENDING','VERIFIED','REJECTED','EXPIRED','UNDER_REVIEW')),
        timezone varchar(50),
        location varchar(100),
        bio TEXT,
        verification_notes TEXT,
        video_intro_url varchar(255),
        primary key (id)
    )
Hibernate: 
    create table tutor (
        average_rating float(53),
        experience_years integer check (experience_years>=0),
        hourly_rate numeric(10,2),
        is_available boolean not null,
        response_time_hours integer,
        total_lessons integer check (total_lessons>=0),
        total_reviews integer check (total_reviews>=0),
        id bigint not null,
        verification_status varchar(20) check (verification_status in ('PENDING','VERIFIED','REJECTED','EXPIRED','UNDER_REVIEW')),
        timezone varchar(50),
        location varchar(100),
        bio TEXT,
        verification_notes TEXT,
        video_intro_url varchar(255),
        primary key (id)
    )
2025-11-03T17:09:20.643+01:00 DEBUG 42030 --- [tutorapp-backend] [           main] org.hibernate.SQL                        : 
    create table tutor_applications (
        available_hours_per_week integer,
        has_certifications boolean,
        has_teaching_experience boolean,
        hourly_rate float(53),
        years_of_experience integer,
        created_at timestamp(6) not null,
        id bigint generated by default as identity,
        last_update timestamp(6) not null,
        reviewed_at timestamp(6),
        reviewed_by bigint,
        submitted_at timestamp(6),
        utilisateur_id bigint not null,
        status varchar(20) not null check (status in ('PENDING','UNDER_REVIEW','APPROVED','REJECTED','CANCELLED','EXPIRED')),
        motivation TEXT not null,
        experience TEXT,
        admin_comment TEXT,
        primary key (id)
    )
Hibernate: 
    create table tutor_applications (
        available_hours_per_week integer,
        has_certifications boolean,
        has_teaching_experience boolean,
        hourly_rate float(53),
        years_of_experience integer,
        created_at timestamp(6) not null,
        id bigint generated by default as identity,
        last_update timestamp(6) not null,
        reviewed_at timestamp(6),
        reviewed_by bigint,
        submitted_at timestamp(6),
        utilisateur_id bigint not null,
        status varchar(20) not null check (status in ('PENDING','UNDER_REVIEW','APPROVED','REJECTED','CANCELLED','EXPIRED')),
        motivation TEXT not null,
        experience TEXT,
        admin_comment TEXT,
        primary key (id)
    )
2025-11-03T17:09:20.657+01:00 DEBUG 42030 --- [tutorapp-backend] [           main] org.hibernate.SQL                        : 
    create table tutor_languages (
        tutor_profile_id bigint not null,
        languages varchar(255)
    )
Hibernate: 
    create table tutor_languages (
        tutor_profile_id bigint not null,
        languages varchar(255)
    )
2025-11-03T17:09:20.662+01:00 DEBUG 42030 --- [tutorapp-backend] [           main] org.hibernate.SQL                        : 
    create table tutor_levels (
        tutor_profile_id bigint not null,
        levels varchar(255)
    )
Hibernate: 
    create table tutor_levels (
        tutor_profile_id bigint not null,
        levels varchar(255)
    )
2025-11-03T17:09:20.666+01:00 DEBUG 42030 --- [tutorapp-backend] [           main] org.hibernate.SQL                        : 
    create table tutor_subject_levels (
        tutor_subject_id bigint not null,
        levels varchar(255) check (levels in ('PRIMARY','MIDDLE','HIGH','UNIVERSITY','ADULT','PROFESSIONAL'))
    )
Hibernate: 
    create table tutor_subject_levels (
        tutor_subject_id bigint not null,
        levels varchar(255) check (levels in ('PRIMARY','MIDDLE','HIGH','UNIVERSITY','ADULT','PROFESSIONAL'))
    )
2025-11-03T17:09:20.670+01:00 DEBUG 42030 --- [tutorapp-backend] [           main] org.hibernate.SQL                        : 
    create table tutor_subjects (
        subject_id bigint not null,
        tutor_id bigint not null,
        primary key (subject_id, tutor_id)
    )
Hibernate: 
    create table tutor_subjects (
        subject_id bigint not null,
        tutor_id bigint not null,
        primary key (subject_id, tutor_id)
    )
2025-11-03T17:09:20.677+01:00 DEBUG 42030 --- [tutorapp-backend] [           main] org.hibernate.SQL                        : 
    create table tutor_availability (
        end_time time(6) not null,
        is_available boolean not null,
        is_recurring boolean not null,
        max_students integer,
        start_time time(6) not null,
        created_at timestamp(6) not null,
        id bigint generated by default as identity,
        last_update timestamp(6) not null,
        tutor_id bigint not null,
        day_of_week varchar(255) not null check (day_of_week in ('MONDAY','TUESDAY','WEDNESDAY','THURSDAY','FRIDAY','SATURDAY','SUNDAY')),
        timezone varchar(255),
        primary key (id)
    )
Hibernate: 
    create table tutor_availability (
        end_time time(6) not null,
        is_available boolean not null,
        is_recurring boolean not null,
        max_students integer,
        start_time time(6) not null,
        created_at timestamp(6) not null,
        id bigint generated by default as identity,
        last_update timestamp(6) not null,
        tutor_id bigint not null,
        day_of_week varchar(255) not null check (day_of_week in ('MONDAY','TUESDAY','WEDNESDAY','THURSDAY','FRIDAY','SATURDAY','SUNDAY')),
        timezone varchar(255),
        primary key (id)
    )
2025-11-03T17:09:20.689+01:00 DEBUG 42030 --- [tutorapp-backend] [           main] org.hibernate.SQL                        : 
    create table tutor_document (
        created_at timestamp(6) not null,
        file_size bigint,
        id bigint generated by default as identity,
        last_update timestamp(6) not null,
        tutor_id bigint not null,
        verified_at timestamp(6),
        file_url varchar(255) not null,
        filename varchar(255) not null,
        mime_type varchar(255),
        original_filename varchar(255) not null,
        rejection_reason varchar(255),
        type varchar(255) not null check (type in ('DIPLOMA','CERTIFICATE','ID_CARD','BACKGROUND_CHECK','CV','PHOTO','OTHER')),
        verification_status varchar(255) not null check (verification_status in ('PENDING','VERIFIED','REJECTED','EXPIRED','UNDER_REVIEW')),
        verified_by varchar(255),
        primary key (id)
    )
Hibernate: 
    create table tutor_document (
        created_at timestamp(6) not null,
        file_size bigint,
        id bigint generated by default as identity,
        last_update timestamp(6) not null,
        tutor_id bigint not null,
        verified_at timestamp(6),
        file_url varchar(255) not null,
        filename varchar(255) not null,
        mime_type varchar(255),
        original_filename varchar(255) not null,
        rejection_reason varchar(255),
        type varchar(255) not null check (type in ('DIPLOMA','CERTIFICATE','ID_CARD','BACKGROUND_CHECK','CV','PHOTO','OTHER')),
        verification_status varchar(255) not null check (verification_status in ('PENDING','VERIFIED','REJECTED','EXPIRED','UNDER_REVIEW')),
        verified_by varchar(255),
        primary key (id)
    )
2025-11-03T17:09:20.698+01:00 DEBUG 42030 --- [tutorapp-backend] [           main] org.hibernate.SQL                        : 
    create table tutor_language (
        is_native boolean not null,
        created_at timestamp(6) not null,
        id bigint generated by default as identity,
        last_update timestamp(6) not null,
        tutor_id bigint not null,
        language_code varchar(255) not null,
        language_name varchar(255) not null,
        level varchar(255) not null check (level in ('BEGINNER','INTERMEDIATE','ADVANCED','FLUENT','NATIVE')),
        primary key (id)
    )
Hibernate: 
    create table tutor_language (
        is_native boolean not null,
        created_at timestamp(6) not null,
        id bigint generated by default as identity,
        last_update timestamp(6) not null,
        tutor_id bigint not null,
        language_code varchar(255) not null,
        language_name varchar(255) not null,
        level varchar(255) not null check (level in ('BEGINNER','INTERMEDIATE','ADVANCED','FLUENT','NATIVE')),
        primary key (id)
    )
2025-11-03T17:09:20.707+01:00 DEBUG 42030 --- [tutorapp-backend] [           main] org.hibernate.SQL                        : 
    create table tutor_preferences (
        advance_booking_hours integer not null,
        auto_accept_bookings boolean not null,
        break_between_lessons integer not null,
        email_notifications boolean not null,
        lesson_duration_minutes integer not null,
        marketing_emails boolean not null,
        max_students_per_lesson integer not null,
        push_notifications boolean not null,
        sms_notifications boolean not null,
        created_at timestamp(6) not null,
        id bigint generated by default as identity,
        last_update timestamp(6) not null,
        tutor_id bigint not null unique,
        currency varchar(255) not null,
        timezone varchar(255) not null,
        primary key (id)
    )
Hibernate: 
    create table tutor_preferences (
        advance_booking_hours integer not null,
        auto_accept_bookings boolean not null,
        break_between_lessons integer not null,
        email_notifications boolean not null,
        lesson_duration_minutes integer not null,
        marketing_emails boolean not null,
        max_students_per_lesson integer not null,
        push_notifications boolean not null,
        sms_notifications boolean not null,
        created_at timestamp(6) not null,
        id bigint generated by default as identity,
        last_update timestamp(6) not null,
        tutor_id bigint not null unique,
        currency varchar(255) not null,
        timezone varchar(255) not null,
        primary key (id)
    )
2025-11-03T17:09:20.733+01:00 DEBUG 42030 --- [tutorapp-backend] [           main] org.hibernate.SQL                        : 
    create table tutor_profile (
        is_available boolean not null,
        is_verified boolean not null,
        created_at timestamp(6) not null,
        id bigint generated by default as identity,
        last_update timestamp(6) not null,
        user_id bigint unique,
        bio TEXT,
        experience varchar(255),
        response_time varchar(255),
        primary key (id)
    )
Hibernate: 
    create table tutor_profile (
        is_available boolean not null,
        is_verified boolean not null,
        created_at timestamp(6) not null,
        id bigint generated by default as identity,
        last_update timestamp(6) not null,
        user_id bigint unique,
        bio TEXT,
        experience varchar(255),
        response_time varchar(255),
        primary key (id)
    )
2025-11-03T17:09:20.749+01:00 DEBUG 42030 --- [tutorapp-backend] [           main] org.hibernate.SQL                        : 
    create table tutor_review (
        helpful_count integer not null,
        is_anonymous boolean not null,
        is_verified boolean not null,
        rating integer not null,
        created_at timestamp(6) not null,
        id bigint generated by default as identity,
        last_update timestamp(6) not null,
        student_id bigint not null,
        tutor_id bigint not null,
        comment TEXT,
        primary key (id)
    )
Hibernate: 
    create table tutor_review (
        helpful_count integer not null,
        is_anonymous boolean not null,
        is_verified boolean not null,
        rating integer not null,
        created_at timestamp(6) not null,
        id bigint generated by default as identity,
        last_update timestamp(6) not null,
        student_id bigint not null,
        tutor_id bigint not null,
        comment TEXT,
        primary key (id)
    )
2025-11-03T17:09:20.766+01:00 DEBUG 42030 --- [tutorapp-backend] [           main] org.hibernate.SQL                        : 
    create table tutor_subject (
        hourly_rate numeric(38,2) not null,
        is_primary boolean not null,
        years_experience integer,
        created_at timestamp(6) not null,
        id bigint generated by default as identity,
        last_update timestamp(6) not null,
        subject_id bigint not null,
        tutor_id bigint not null,
        primary key (id)
    )
Hibernate: 
    create table tutor_subject (
        hourly_rate numeric(38,2) not null,
        is_primary boolean not null,
        years_experience integer,
        created_at timestamp(6) not null,
        id bigint generated by default as identity,
        last_update timestamp(6) not null,
        subject_id bigint not null,
        tutor_id bigint not null,
        primary key (id)
    )
2025-11-03T17:09:20.775+01:00 DEBUG 42030 --- [tutorapp-backend] [           main] org.hibernate.SQL                        : 
    create table utilisateur (
        accept_marketing boolean not null,
        accept_terms boolean not null,
        compromised boolean not null,
        email_verified boolean not null,
        login_attempts integer not null,
        under_surveillance boolean not null,
        compromised_at timestamp(6),
        created_at timestamp(6) not null,
        id bigint generated by default as identity,
        last_login timestamp(6),
        last_update timestamp(6) not null,
        locked_until timestamp(6),
        password_changed_at timestamp(6),
        surveillance_started_at timestamp(6),
        phone_number varchar(20),
        role varchar(20) not null check (role in ('STUDENT','TUTOR','PARENT','ADMIN')),
        status varchar(30) not null check (status in ('ACTIVE','INACTIVE','SUSPENDED','PENDING_VERIFICATION','LOCKED','DELETED','COMPROMISED')),
        user_type varchar(31) not null,
        first_name varchar(50) not null,
        last_name varchar(50) not null,
        email varchar(100) not null unique,
        compromised_reason varchar(255),
        password varchar(255) not null,
        profile_picture varchar(255),
        primary key (id)
    )
Hibernate: 
    create table utilisateur (
        accept_marketing boolean not null,
        accept_terms boolean not null,
        compromised boolean not null,
        email_verified boolean not null,
        login_attempts integer not null,
        under_surveillance boolean not null,
        compromised_at timestamp(6),
        created_at timestamp(6) not null,
        id bigint generated by default as identity,
        last_login timestamp(6),
        last_update timestamp(6) not null,
        locked_until timestamp(6),
        password_changed_at timestamp(6),
        surveillance_started_at timestamp(6),
        phone_number varchar(20),
        role varchar(20) not null check (role in ('STUDENT','TUTOR','PARENT','ADMIN')),
        status varchar(30) not null check (status in ('ACTIVE','INACTIVE','SUSPENDED','PENDING_VERIFICATION','LOCKED','DELETED','COMPROMISED')),
        user_type varchar(31) not null,
        first_name varchar(50) not null,
        last_name varchar(50) not null,
        email varchar(100) not null unique,
        compromised_reason varchar(255),
        password varchar(255) not null,
        profile_picture varchar(255),
        primary key (id)
    )
2025-11-03T17:09:20.794+01:00 DEBUG 42030 --- [tutorapp-backend] [           main] org.hibernate.SQL                        : 
    create index idx_audit_user_id 
       on audit_logs (user_id)
Hibernate: 
    create index idx_audit_user_id 
       on audit_logs (user_id)
2025-11-03T17:09:20.805+01:00 DEBUG 42030 --- [tutorapp-backend] [           main] org.hibernate.SQL                        : 
    create index idx_audit_admin_id 
       on audit_logs (admin_id)
Hibernate: 
    create index idx_audit_admin_id 
       on audit_logs (admin_id)
2025-11-03T17:09:20.811+01:00 DEBUG 42030 --- [tutorapp-backend] [           main] org.hibernate.SQL                        : 
    create index idx_audit_action 
       on audit_logs (action)
Hibernate: 
    create index idx_audit_action 
       on audit_logs (action)
2025-11-03T17:09:20.817+01:00 DEBUG 42030 --- [tutorapp-backend] [           main] org.hibernate.SQL                        : 
    create index idx_audit_timestamp 
       on audit_logs (timestamp)
Hibernate: 
    create index idx_audit_timestamp 
       on audit_logs (timestamp)
2025-11-03T17:09:20.824+01:00 DEBUG 42030 --- [tutorapp-backend] [           main] org.hibernate.SQL                        : 
    create index idx_audit_entity 
       on audit_logs (entity_type, entity_id)
Hibernate: 
    create index idx_audit_entity 
       on audit_logs (entity_type, entity_id)
2025-11-03T17:09:20.831+01:00 DEBUG 42030 --- [tutorapp-backend] [           main] org.hibernate.SQL                        : 
    alter table if exists admin 
       add constraint FKgodqjbbtwk30kf3s0xuxklkr3 
       foreign key (id) 
       references utilisateur
Hibernate: 
    alter table if exists admin 
       add constraint FKgodqjbbtwk30kf3s0xuxklkr3 
       foreign key (id) 
       references utilisateur
2025-11-03T17:09:20.841+01:00 DEBUG 42030 --- [tutorapp-backend] [           main] org.hibernate.SQL                        : 
    alter table if exists application_languages 
       add constraint FKoc1jgi0gxg3jabhf5xlopxxwf 
       foreign key (application_id) 
       references tutor_applications
Hibernate: 
    alter table if exists application_languages 
       add constraint FKoc1jgi0gxg3jabhf5xlopxxwf 
       foreign key (application_id) 
       references tutor_applications
2025-11-03T17:09:20.846+01:00 DEBUG 42030 --- [tutorapp-backend] [           main] org.hibernate.SQL                        : 
    alter table if exists application_levels 
       add constraint FK6540rmx5tmtf5q4x7vlkg02ge 
       foreign key (application_id) 
       references tutor_applications
Hibernate: 
    alter table if exists application_levels 
       add constraint FK6540rmx5tmtf5q4x7vlkg02ge 
       foreign key (application_id) 
       references tutor_applications
2025-11-03T17:09:20.851+01:00 DEBUG 42030 --- [tutorapp-backend] [           main] org.hibernate.SQL                        : 
    alter table if exists application_qualifications 
       add constraint FKdfnojd090j2yehd358meq3tq6 
       foreign key (application_id) 
       references tutor_applications
Hibernate: 
    alter table if exists application_qualifications 
       add constraint FKdfnojd090j2yehd358meq3tq6 
       foreign key (application_id) 
       references tutor_applications
2025-11-03T17:09:20.857+01:00 DEBUG 42030 --- [tutorapp-backend] [           main] org.hibernate.SQL                        : 
    alter table if exists application_subjects 
       add constraint FK48irl4f5w36skakefb67e7uir 
       foreign key (application_id) 
       references tutor_applications
Hibernate: 
    alter table if exists application_subjects 
       add constraint FK48irl4f5w36skakefb67e7uir 
       foreign key (application_id) 
       references tutor_applications
2025-11-03T17:09:20.861+01:00 DEBUG 42030 --- [tutorapp-backend] [           main] org.hibernate.SQL                        : 
    alter table if exists availability_subjects 
       add constraint FKlus3p4uqjmtn123fwyuqbl7a0 
       foreign key (tutor_availability_id) 
       references tutor_availability
Hibernate: 
    alter table if exists availability_subjects 
       add constraint FKlus3p4uqjmtn123fwyuqbl7a0 
       foreign key (tutor_availability_id) 
       references tutor_availability
2025-11-03T17:09:20.864+01:00 DEBUG 42030 --- [tutorapp-backend] [           main] org.hibernate.SQL                        : 
    alter table if exists email_verification_tokens 
       add constraint FKkyrs2tv7xn3fnys5xcvlv3wqf 
       foreign key (user_id) 
       references utilisateur
Hibernate: 
    alter table if exists email_verification_tokens 
       add constraint FKkyrs2tv7xn3fnys5xcvlv3wqf 
       foreign key (user_id) 
       references utilisateur
2025-11-03T17:09:20.868+01:00 DEBUG 42030 --- [tutorapp-backend] [           main] org.hibernate.SQL                        : 
    alter table if exists lesson 
       add constraint FKs645vnxkeoaux8oddw8ppc9fa 
       foreign key (student_id) 
       references student
Hibernate: 
    alter table if exists lesson 
       add constraint FKs645vnxkeoaux8oddw8ppc9fa 
       foreign key (student_id) 
       references student
2025-11-03T17:09:20.871+01:00 DEBUG 42030 --- [tutorapp-backend] [           main] org.hibernate.SQL                        : 
    alter table if exists moderation_reports 
       add constraint FKpva4c3fyq4prrmlfpyefb0f7i 
       foreign key (reported_user_id) 
       references utilisateur
Hibernate: 
    alter table if exists moderation_reports 
       add constraint FKpva4c3fyq4prrmlfpyefb0f7i 
       foreign key (reported_user_id) 
       references utilisateur
2025-11-03T17:09:20.875+01:00 DEBUG 42030 --- [tutorapp-backend] [           main] org.hibernate.SQL                        : 
    alter table if exists moderation_reports 
       add constraint FK7fm70778vci1vgbo3jfm2r9ch 
       foreign key (reporter_id) 
       references utilisateur
Hibernate: 
    alter table if exists moderation_reports 
       add constraint FK7fm70778vci1vgbo3jfm2r9ch 
       foreign key (reporter_id) 
       references utilisateur
2025-11-03T17:09:20.878+01:00 DEBUG 42030 --- [tutorapp-backend] [           main] org.hibernate.SQL                        : 
    alter table if exists parent 
       add constraint FKo31g185knxkcy425ddamct4o9 
       foreign key (id) 
       references utilisateur
Hibernate: 
    alter table if exists parent 
       add constraint FKo31g185knxkcy425ddamct4o9 
       foreign key (id) 
       references utilisateur
2025-11-03T17:09:20.881+01:00 DEBUG 42030 --- [tutorapp-backend] [           main] org.hibernate.SQL                        : 
    alter table if exists password_reset_tokens 
       add constraint FK8gsyvsi8r4jhmtir2upl4tc3h 
       foreign key (user_id) 
       references utilisateur
Hibernate: 
    alter table if exists password_reset_tokens 
       add constraint FK8gsyvsi8r4jhmtir2upl4tc3h 
       foreign key (user_id) 
       references utilisateur
2025-11-03T17:09:20.885+01:00 DEBUG 42030 --- [tutorapp-backend] [           main] org.hibernate.SQL                        : 
    alter table if exists qualification 
       add constraint FKgys8shqf43ev1m7mq14kcb7ul 
       foreign key (tutor_id) 
       references tutor
Hibernate: 
    alter table if exists qualification 
       add constraint FKgys8shqf43ev1m7mq14kcb7ul 
       foreign key (tutor_id) 
       references tutor
2025-11-03T17:09:20.888+01:00 DEBUG 42030 --- [tutorapp-backend] [           main] org.hibernate.SQL                        : 
    alter table if exists refresh_tokens 
       add constraint FKheuwts6j2dy6h6g2hjvs89pcn 
       foreign key (user_id) 
       references utilisateur
Hibernate: 
    alter table if exists refresh_tokens 
       add constraint FKheuwts6j2dy6h6g2hjvs89pcn 
       foreign key (user_id) 
       references utilisateur
2025-11-03T17:09:20.891+01:00 DEBUG 42030 --- [tutorapp-backend] [           main] org.hibernate.SQL                        : 
    alter table if exists security_confirmation_token 
       add constraint FKca4r5n1048ktipd9dcivesntr 
       foreign key (utilisateur_id) 
       references utilisateur
Hibernate: 
    alter table if exists security_confirmation_token 
       add constraint FKca4r5n1048ktipd9dcivesntr 
       foreign key (utilisateur_id) 
       references utilisateur
2025-11-03T17:09:20.894+01:00 DEBUG 42030 --- [tutorapp-backend] [           main] org.hibernate.SQL                        : 
    alter table if exists social_accounts 
       add constraint FKmyf6rykkkxtpotmhtyx6j1u83 
       foreign key (user_id) 
       references utilisateur
Hibernate: 
    alter table if exists social_accounts 
       add constraint FKmyf6rykkkxtpotmhtyx6j1u83 
       foreign key (user_id) 
       references utilisateur
2025-11-03T17:09:20.897+01:00 DEBUG 42030 --- [tutorapp-backend] [           main] org.hibernate.SQL                        : 
    alter table if exists student 
       add constraint FKqqq09m02bgrk47qoe6fs3ht4w 
       foreign key (parent_id) 
       references parent
Hibernate: 
    alter table if exists student 
       add constraint FKqqq09m02bgrk47qoe6fs3ht4w 
       foreign key (parent_id) 
       references parent
2025-11-03T17:09:20.900+01:00 DEBUG 42030 --- [tutorapp-backend] [           main] org.hibernate.SQL                        : 
    alter table if exists student 
       add constraint FKom57wtsticj6udoupbyx22vlv 
       foreign key (id) 
       references utilisateur
Hibernate: 
    alter table if exists student 
       add constraint FKom57wtsticj6udoupbyx22vlv 
       foreign key (id) 
       references utilisateur
2025-11-03T17:09:20.904+01:00 DEBUG 42030 --- [tutorapp-backend] [           main] org.hibernate.SQL                        : 
    alter table if exists student_availability 
       add constraint FKe9dvu6t57c3ovsnp9ggtppqiu 
       foreign key (student_id) 
       references student
Hibernate: 
    alter table if exists student_availability 
       add constraint FKe9dvu6t57c3ovsnp9ggtppqiu 
       foreign key (student_id) 
       references student
2025-11-03T17:09:20.908+01:00 DEBUG 42030 --- [tutorapp-backend] [           main] org.hibernate.SQL                        : 
    alter table if exists student_favorite_tutors 
       add constraint FKqf9p637ufj48r7a60kd1e3jxt 
       foreign key (tutor_id) 
       references tutor
Hibernate: 
    alter table if exists student_favorite_tutors 
       add constraint FKqf9p637ufj48r7a60kd1e3jxt 
       foreign key (tutor_id) 
       references tutor
2025-11-03T17:09:20.912+01:00 DEBUG 42030 --- [tutorapp-backend] [           main] org.hibernate.SQL                        : 
    alter table if exists student_favorite_tutors 
       add constraint FKbt5bfkf7tx20d3cqwjxy8t0i4 
       foreign key (student_id) 
       references student
Hibernate: 
    alter table if exists student_favorite_tutors 
       add constraint FKbt5bfkf7tx20d3cqwjxy8t0i4 
       foreign key (student_id) 
       references student
2025-11-03T17:09:20.915+01:00 DEBUG 42030 --- [tutorapp-backend] [           main] org.hibernate.SQL                        : 
    alter table if exists student_preferred_subjects 
       add constraint FK1uib99eyswku30jnbpnv3fxjl 
       foreign key (student_id) 
       references student
Hibernate: 
    alter table if exists student_preferred_subjects 
       add constraint FK1uib99eyswku30jnbpnv3fxjl 
       foreign key (student_id) 
       references student
2025-11-03T17:09:20.919+01:00 DEBUG 42030 --- [tutorapp-backend] [           main] org.hibernate.SQL                        : 
    alter table if exists tutor 
       add constraint FKevbhv6fi1jn88d46tyi8pkawe 
       foreign key (id) 
       references utilisateur
Hibernate: 
    alter table if exists tutor 
       add constraint FKevbhv6fi1jn88d46tyi8pkawe 
       foreign key (id) 
       references utilisateur
2025-11-03T17:09:20.923+01:00 DEBUG 42030 --- [tutorapp-backend] [           main] org.hibernate.SQL                        : 
    alter table if exists tutor_applications 
       add constraint FKqrqdvbu157duv6o2ylgsh70s9 
       foreign key (utilisateur_id) 
       references utilisateur
Hibernate: 
    alter table if exists tutor_applications 
       add constraint FKqrqdvbu157duv6o2ylgsh70s9 
       foreign key (utilisateur_id) 
       references utilisateur
2025-11-03T17:09:20.927+01:00 DEBUG 42030 --- [tutorapp-backend] [           main] org.hibernate.SQL                        : 
    alter table if exists tutor_languages 
       add constraint FKjjkgbu14yxqk1b3e56iq00bwe 
       foreign key (tutor_profile_id) 
       references tutor_profile
Hibernate: 
    alter table if exists tutor_languages 
       add constraint FKjjkgbu14yxqk1b3e56iq00bwe 
       foreign key (tutor_profile_id) 
       references tutor_profile
2025-11-03T17:09:20.931+01:00 DEBUG 42030 --- [tutorapp-backend] [           main] org.hibernate.SQL                        : 
    alter table if exists tutor_levels 
       add constraint FKo79hvbleyi5vmy5gkgkd01q5b 
       foreign key (tutor_profile_id) 
       references tutor_profile
Hibernate: 
    alter table if exists tutor_levels 
       add constraint FKo79hvbleyi5vmy5gkgkd01q5b 
       foreign key (tutor_profile_id) 
       references tutor_profile
2025-11-03T17:09:20.934+01:00 DEBUG 42030 --- [tutorapp-backend] [           main] org.hibernate.SQL                        : 
    alter table if exists tutor_subject_levels 
       add constraint FKa7r9om160qmfptkopvx7pba3w 
       foreign key (tutor_subject_id) 
       references tutor_subject
Hibernate: 
    alter table if exists tutor_subject_levels 
       add constraint FKa7r9om160qmfptkopvx7pba3w 
       foreign key (tutor_subject_id) 
       references tutor_subject
2025-11-03T17:09:20.938+01:00 DEBUG 42030 --- [tutorapp-backend] [           main] org.hibernate.SQL                        : 
    alter table if exists tutor_subjects 
       add constraint FK2rgvjsbsp6aqto0jj07peljlc 
       foreign key (subject_id) 
       references subject
Hibernate: 
    alter table if exists tutor_subjects 
       add constraint FK2rgvjsbsp6aqto0jj07peljlc 
       foreign key (subject_id) 
       references subject
2025-11-03T17:09:20.942+01:00 DEBUG 42030 --- [tutorapp-backend] [           main] org.hibernate.SQL                        : 
    alter table if exists tutor_subjects 
       add constraint FKrbwej4ik99xyo11357qqwucco 
       foreign key (tutor_id) 
       references tutor
Hibernate: 
    alter table if exists tutor_subjects 
       add constraint FKrbwej4ik99xyo11357qqwucco 
       foreign key (tutor_id) 
       references tutor
2025-11-03T17:09:20.946+01:00 DEBUG 42030 --- [tutorapp-backend] [           main] org.hibernate.SQL                        : 
    alter table if exists tutor_availability 
       add constraint FK7gm22v6vpadn2s8xq8t35kc5j 
       foreign key (tutor_id) 
       references tutor
Hibernate: 
    alter table if exists tutor_availability 
       add constraint FK7gm22v6vpadn2s8xq8t35kc5j 
       foreign key (tutor_id) 
       references tutor
2025-11-03T17:09:20.954+01:00 DEBUG 42030 --- [tutorapp-backend] [           main] org.hibernate.SQL                        : 
    alter table if exists tutor_document 
       add constraint FKgvajshkapp9eu4fcmvwn7hgrt 
       foreign key (tutor_id) 
       references tutor
Hibernate: 
    alter table if exists tutor_document 
       add constraint FKgvajshkapp9eu4fcmvwn7hgrt 
       foreign key (tutor_id) 
       references tutor
2025-11-03T17:09:20.959+01:00 DEBUG 42030 --- [tutorapp-backend] [           main] org.hibernate.SQL                        : 
    alter table if exists tutor_language 
       add constraint FK6scg7ml282sgm26m4hpqecnxl 
       foreign key (tutor_id) 
       references tutor
Hibernate: 
    alter table if exists tutor_language 
       add constraint FK6scg7ml282sgm26m4hpqecnxl 
       foreign key (tutor_id) 
       references tutor
2025-11-03T17:09:20.968+01:00 DEBUG 42030 --- [tutorapp-backend] [           main] org.hibernate.SQL                        : 
    alter table if exists tutor_preferences 
       add constraint FKr8gvr6et561c99jl5jsv43qt4 
       foreign key (tutor_id) 
       references tutor
Hibernate: 
    alter table if exists tutor_preferences 
       add constraint FKr8gvr6et561c99jl5jsv43qt4 
       foreign key (tutor_id) 
       references tutor
2025-11-03T17:09:20.976+01:00 DEBUG 42030 --- [tutorapp-backend] [           main] org.hibernate.SQL                        : 
    alter table if exists tutor_profile 
       add constraint FK7q1hdtjfk2c7kmlnlbu7gkl8o 
       foreign key (user_id) 
       references utilisateur
Hibernate: 
    alter table if exists tutor_profile 
       add constraint FK7q1hdtjfk2c7kmlnlbu7gkl8o 
       foreign key (user_id) 
       references utilisateur
2025-11-03T17:09:20.981+01:00 DEBUG 42030 --- [tutorapp-backend] [           main] org.hibernate.SQL                        : 
    alter table if exists tutor_review 
       add constraint FKn1grl881osn7u0qtqi9epb4t3 
       foreign key (student_id) 
       references student
Hibernate: 
    alter table if exists tutor_review 
       add constraint FKn1grl881osn7u0qtqi9epb4t3 
       foreign key (student_id) 
       references student
2025-11-03T17:09:20.988+01:00 DEBUG 42030 --- [tutorapp-backend] [           main] org.hibernate.SQL                        : 
    alter table if exists tutor_review 
       add constraint FK5gue1hsi9b3rjrj7qum03pspg 
       foreign key (tutor_id) 
       references tutor
Hibernate: 
    alter table if exists tutor_review 
       add constraint FK5gue1hsi9b3rjrj7qum03pspg 
       foreign key (tutor_id) 
       references tutor
2025-11-03T17:09:20.994+01:00 DEBUG 42030 --- [tutorapp-backend] [           main] org.hibernate.SQL                        : 
    alter table if exists tutor_subject 
       add constraint FKc8um4d7iopbq72enywi84a1f7 
       foreign key (subject_id) 
       references subject
Hibernate: 
    alter table if exists tutor_subject 
       add constraint FKc8um4d7iopbq72enywi84a1f7 
       foreign key (subject_id) 
       references subject
2025-11-03T17:09:20.999+01:00 DEBUG 42030 --- [tutorapp-backend] [           main] org.hibernate.SQL                        : 
    alter table if exists tutor_subject 
       add constraint FKrms2hp61pr8yiu7j7wenb2kx6 
       foreign key (tutor_id) 
       references tutor
Hibernate: 
    alter table if exists tutor_subject 
       add constraint FKrms2hp61pr8yiu7j7wenb2kx6 
       foreign key (tutor_id) 
       references tutor
2025-11-03T17:09:21.010+01:00  INFO 42030 --- [tutorapp-backend] [           main] j.LocalContainerEntityManagerFactoryBean : Initialized JPA EntityManagerFactory for persistence unit 'default'
2025-11-03T17:09:21.853+01:00  INFO 42030 --- [tutorapp-backend] [           main] o.s.d.j.r.query.QueryEnhancerFactory     : Hibernate is in classpath; If applicable, HQL parser will be used.
2025-11-03T17:09:24.594+01:00  INFO 42030 --- [tutorapp-backend] [           main] eAuthenticationProviderManagerConfigurer : Global AuthenticationManager configured with AuthenticationProvider bean with name authenticationProvider
2025-11-03T17:09:24.596+01:00  WARN 42030 --- [tutorapp-backend] [           main] r$InitializeUserDetailsManagerConfigurer : Global AuthenticationManager configured with an AuthenticationProvider bean. UserDetailsService beans will not be used by Spring Security for automatically configuring username/password login. Consider removing the AuthenticationProvider bean. Alternatively, consider using the UserDetailsService in a manually instantiated DaoAuthenticationProvider. If the current configuration is intentional, to turn off this warning, increase the logging level of 'org.springframework.security.config.annotation.authentication.configuration.InitializeUserDetailsBeanManagerConfigurer' to ERROR
2025-11-03T17:09:25.240+01:00  INFO 42030 --- [tutorapp-backend] [           main] c.backend.tutor_app.config.GeoIpConfig   : 🌍 Initialisation de MaxMind GeoIP2 DatabaseReader...
2025-11-03T17:09:25.241+01:00  INFO 42030 --- [tutorapp-backend] [           main] c.backend.tutor_app.config.GeoIpConfig   :    - Account ID: 1247196
2025-11-03T17:09:25.242+01:00  INFO 42030 --- [tutorapp-backend] [           main] c.backend.tutor_app.config.GeoIpConfig   :    - Database: GeoLite2-City.mmdb
2025-11-03T17:09:25.242+01:00  INFO 42030 --- [tutorapp-backend] [           main] c.backend.tutor_app.config.GeoIpConfig   :    - Cache size: 4096 entrées (~16 MB RAM)
2025-11-03T17:09:25.606+01:00  INFO 42030 --- [tutorapp-backend] [           main] c.backend.tutor_app.config.GeoIpConfig   : ✅ MaxMind GeoIP2 DatabaseReader initialisé avec succès
2025-11-03T17:09:25.607+01:00  INFO 42030 --- [tutorapp-backend] [           main] c.backend.tutor_app.config.GeoIpConfig   :    Type de base: GeoLite2-City
2025-11-03T17:09:25.608+01:00  INFO 42030 --- [tutorapp-backend] [           main] c.backend.tutor_app.config.GeoIpConfig   :    Date de build: Tue Oct 28 09:39:33 WAT 2025
2025-11-03T17:09:25.621+01:00  INFO 42030 --- [tutorapp-backend] [           main] c.b.t.s.IpGeolocationServiceImpl         : ✅ IpGeolocationServiceImpl initialisé avec MaxMind GeoIP2
2025-11-03T17:09:26.263+01:00  WARN 42030 --- [tutorapp-backend] [           main] JpaBaseConfiguration$JpaWebConfiguration : spring.jpa.open-in-view is enabled by default. Therefore, database queries may be performed during view rendering. Explicitly configure spring.jpa.open-in-view to disable this warning
2025-11-03T17:09:27.267+01:00 DEBUG 42030 --- [tutorapp-backend] [           main] o.s.s.web.DefaultSecurityFilterChain     : Will secure any request with filters: DisableEncodeUrlFilter, WebAsyncManagerIntegrationFilter, SecurityContextHolderFilter, HeaderWriterFilter, CorsFilter, LogoutFilter, JwtFilter, RequestCacheAwareFilter, SecurityContextHolderAwareRequestFilter, AnonymousAuthenticationFilter, SessionManagementFilter, ExceptionTranslationFilter, AuthorizationFilter
2025-11-03T17:09:31.446+01:00  INFO 42030 --- [tutorapp-backend] [           main] c.b.tutor_app.TutorAppApplicationTests   : Started TutorAppApplicationTests in 17.912 seconds (process running for 19.53)
2025-11-03T17:09:31.574+01:00 DEBUG 42030 --- [tutorapp-backend] [           main] org.hibernate.SQL                        : 
    select
        count(*) 
    from
        utilisateur u1_0
Hibernate: 
    select
        count(*) 
    from
        utilisateur u1_0
2025-11-03T17:09:31.990+01:00 DEBUG 42030 --- [tutorapp-backend] [           main] org.hibernate.SQL                        : 
    insert 
    into
        utilisateur
        (accept_marketing, accept_terms, compromised, compromised_at, compromised_reason, created_at, email, email_verified, first_name, last_login, last_name, last_update, locked_until, login_attempts, password, password_changed_at, phone_number, profile_picture, role, status, surveillance_started_at, under_surveillance, user_type) 
    values
        (?, ?, ?, ?, ?, ?, ?, ?, ?, ?, ?, ?, ?, ?, ?, ?, ?, ?, ?, ?, ?, ?, 'ADMIN')
Hibernate: 
    insert 
    into
        utilisateur
        (accept_marketing, accept_terms, compromised, compromised_at, compromised_reason, created_at, email, email_verified, first_name, last_login, last_name, last_update, locked_until, login_attempts, password, password_changed_at, phone_number, profile_picture, role, status, surveillance_started_at, under_surveillance, user_type) 
    values
        (?, ?, ?, ?, ?, ?, ?, ?, ?, ?, ?, ?, ?, ?, ?, ?, ?, ?, ?, ?, ?, ?, 'ADMIN')
2025-11-03T17:09:32.019+01:00 DEBUG 42030 --- [tutorapp-backend] [           main] org.hibernate.SQL                        : 
    insert 
    into
        admin
        (admin_level, assigned_at, assigned_by, can_manage_content, can_manage_tutors, can_manage_users, can_view_reports, department, permissions, id) 
    values
        (?, ?, ?, ?, ?, ?, ?, ?, ?, ?)
Hibernate: 
    insert 
    into
        admin
        (admin_level, assigned_at, assigned_by, can_manage_content, can_manage_tutors, can_manage_users, can_view_reports, department, permissions, id) 
    values
        (?, ?, ?, ?, ?, ?, ?, ?, ?, ?)
✅ Admin créé avec succès: email=admin@example.com, password=admin123
]]></system-out>
  </testcase>
</testsuite>